{"C:\\Users\\Riley Grice\\Desktop\\Software\\Red-r\\RedR-Disaster-Simulator\\DisasterSimulatorNodeJSServer\\Tests\\IntergrationTests.js":{"path":"C:\\Users\\Riley Grice\\Desktop\\Software\\Red-r\\RedR-Disaster-Simulator\\DisasterSimulatorNodeJSServer\\Tests\\IntergrationTests.js","statementMap":{"0":{"start":{"line":1,"column":13},"end":{"line":1,"column":30}},"1":{"start":{"line":2,"column":9},"end":{"line":2,"column":36}},"2":{"start":{"line":3,"column":16},"end":{"line":3,"column":36}},"3":{"start":{"line":4,"column":14},"end":{"line":4,"column":39}},"4":{"start":{"line":5,"column":10},"end":{"line":5,"column":33}},"5":{"start":{"line":7,"column":13},"end":{"line":7,"column":28}},"6":{"start":{"line":8,"column":17},"end":{"line":8,"column":37}},"7":{"start":{"line":9,"column":0},"end":{"line":9,"column":19}},"8":{"start":{"line":11,"column":17},"end":{"line":11,"column":21}},"9":{"start":{"line":13,"column":16},"end":{"line":13,"column":37}},"10":{"start":{"line":15,"column":14},"end":{"line":18,"column":1}},"11":{"start":{"line":20,"column":0},"end":{"line":458,"column":3}},"12":{"start":{"line":21,"column":4},"end":{"line":29,"column":7}},"13":{"start":{"line":22,"column":8},"end":{"line":27,"column":15}},"14":{"start":{"line":24,"column":16},"end":{"line":24,"column":55}},"15":{"start":{"line":25,"column":16},"end":{"line":25,"column":49}},"16":{"start":{"line":26,"column":16},"end":{"line":26,"column":23}},"17":{"start":{"line":31,"column":4},"end":{"line":39,"column":7}},"18":{"start":{"line":32,"column":8},"end":{"line":37,"column":15}},"19":{"start":{"line":34,"column":16},"end":{"line":34,"column":55}},"20":{"start":{"line":35,"column":16},"end":{"line":35,"column":49}},"21":{"start":{"line":36,"column":16},"end":{"line":36,"column":23}},"22":{"start":{"line":41,"column":4},"end":{"line":49,"column":7}},"23":{"start":{"line":42,"column":8},"end":{"line":47,"column":15}},"24":{"start":{"line":44,"column":16},"end":{"line":44,"column":55}},"25":{"start":{"line":45,"column":16},"end":{"line":45,"column":49}},"26":{"start":{"line":46,"column":16},"end":{"line":46,"column":23}},"27":{"start":{"line":51,"column":4},"end":{"line":59,"column":7}},"28":{"start":{"line":52,"column":8},"end":{"line":57,"column":15}},"29":{"start":{"line":54,"column":16},"end":{"line":54,"column":55}},"30":{"start":{"line":55,"column":16},"end":{"line":55,"column":49}},"31":{"start":{"line":56,"column":16},"end":{"line":56,"column":23}},"32":{"start":{"line":61,"column":4},"end":{"line":69,"column":7}},"33":{"start":{"line":62,"column":8},"end":{"line":67,"column":15}},"34":{"start":{"line":64,"column":16},"end":{"line":64,"column":55}},"35":{"start":{"line":65,"column":16},"end":{"line":65,"column":49}},"36":{"start":{"line":66,"column":16},"end":{"line":66,"column":23}},"37":{"start":{"line":71,"column":4},"end":{"line":79,"column":7}},"38":{"start":{"line":72,"column":8},"end":{"line":77,"column":15}},"39":{"start":{"line":74,"column":16},"end":{"line":74,"column":55}},"40":{"start":{"line":75,"column":16},"end":{"line":75,"column":49}},"41":{"start":{"line":76,"column":16},"end":{"line":76,"column":23}},"42":{"start":{"line":81,"column":4},"end":{"line":89,"column":7}},"43":{"start":{"line":82,"column":8},"end":{"line":87,"column":15}},"44":{"start":{"line":84,"column":16},"end":{"line":84,"column":55}},"45":{"start":{"line":85,"column":16},"end":{"line":85,"column":49}},"46":{"start":{"line":86,"column":16},"end":{"line":86,"column":23}},"47":{"start":{"line":91,"column":4},"end":{"line":99,"column":7}},"48":{"start":{"line":92,"column":8},"end":{"line":97,"column":15}},"49":{"start":{"line":94,"column":16},"end":{"line":94,"column":55}},"50":{"start":{"line":95,"column":16},"end":{"line":95,"column":49}},"51":{"start":{"line":96,"column":16},"end":{"line":96,"column":23}},"52":{"start":{"line":101,"column":4},"end":{"line":109,"column":7}},"53":{"start":{"line":102,"column":8},"end":{"line":107,"column":15}},"54":{"start":{"line":104,"column":16},"end":{"line":104,"column":55}},"55":{"start":{"line":105,"column":16},"end":{"line":105,"column":49}},"56":{"start":{"line":106,"column":16},"end":{"line":106,"column":23}},"57":{"start":{"line":111,"column":4},"end":{"line":119,"column":7}},"58":{"start":{"line":112,"column":8},"end":{"line":117,"column":15}},"59":{"start":{"line":114,"column":16},"end":{"line":114,"column":55}},"60":{"start":{"line":115,"column":16},"end":{"line":115,"column":49}},"61":{"start":{"line":116,"column":16},"end":{"line":116,"column":23}},"62":{"start":{"line":122,"column":4},"end":{"line":130,"column":7}},"63":{"start":{"line":123,"column":8},"end":{"line":128,"column":15}},"64":{"start":{"line":126,"column":16},"end":{"line":126,"column":49}},"65":{"start":{"line":127,"column":16},"end":{"line":127,"column":23}},"66":{"start":{"line":132,"column":4},"end":{"line":139,"column":7}},"67":{"start":{"line":133,"column":8},"end":{"line":138,"column":15}},"68":{"start":{"line":136,"column":16},"end":{"line":136,"column":49}},"69":{"start":{"line":137,"column":16},"end":{"line":137,"column":23}},"70":{"start":{"line":141,"column":4},"end":{"line":148,"column":7}},"71":{"start":{"line":142,"column":8},"end":{"line":147,"column":15}},"72":{"start":{"line":145,"column":16},"end":{"line":145,"column":49}},"73":{"start":{"line":146,"column":16},"end":{"line":146,"column":23}},"74":{"start":{"line":150,"column":4},"end":{"line":157,"column":7}},"75":{"start":{"line":151,"column":8},"end":{"line":156,"column":15}},"76":{"start":{"line":154,"column":16},"end":{"line":154,"column":49}},"77":{"start":{"line":155,"column":16},"end":{"line":155,"column":23}},"78":{"start":{"line":159,"column":4},"end":{"line":166,"column":7}},"79":{"start":{"line":160,"column":8},"end":{"line":165,"column":15}},"80":{"start":{"line":163,"column":16},"end":{"line":163,"column":49}},"81":{"start":{"line":164,"column":16},"end":{"line":164,"column":23}},"82":{"start":{"line":168,"column":4},"end":{"line":178,"column":7}},"83":{"start":{"line":169,"column":8},"end":{"line":177,"column":15}},"84":{"start":{"line":172,"column":16},"end":{"line":174,"column":17}},"85":{"start":{"line":173,"column":20},"end":{"line":173,"column":37}},"86":{"start":{"line":175,"column":16},"end":{"line":175,"column":49}},"87":{"start":{"line":176,"column":16},"end":{"line":176,"column":23}},"88":{"start":{"line":180,"column":4},"end":{"line":190,"column":7}},"89":{"start":{"line":181,"column":8},"end":{"line":189,"column":15}},"90":{"start":{"line":184,"column":16},"end":{"line":186,"column":17}},"91":{"start":{"line":185,"column":20},"end":{"line":185,"column":37}},"92":{"start":{"line":187,"column":16},"end":{"line":187,"column":49}},"93":{"start":{"line":188,"column":16},"end":{"line":188,"column":23}},"94":{"start":{"line":192,"column":4},"end":{"line":202,"column":7}},"95":{"start":{"line":193,"column":8},"end":{"line":201,"column":15}},"96":{"start":{"line":196,"column":16},"end":{"line":198,"column":17}},"97":{"start":{"line":197,"column":20},"end":{"line":197,"column":37}},"98":{"start":{"line":199,"column":16},"end":{"line":199,"column":49}},"99":{"start":{"line":200,"column":16},"end":{"line":200,"column":23}},"100":{"start":{"line":204,"column":4},"end":{"line":214,"column":7}},"101":{"start":{"line":205,"column":8},"end":{"line":213,"column":15}},"102":{"start":{"line":208,"column":16},"end":{"line":210,"column":17}},"103":{"start":{"line":209,"column":20},"end":{"line":209,"column":37}},"104":{"start":{"line":211,"column":16},"end":{"line":211,"column":49}},"105":{"start":{"line":212,"column":16},"end":{"line":212,"column":23}},"106":{"start":{"line":216,"column":4},"end":{"line":226,"column":7}},"107":{"start":{"line":217,"column":8},"end":{"line":225,"column":15}},"108":{"start":{"line":220,"column":16},"end":{"line":222,"column":17}},"109":{"start":{"line":221,"column":20},"end":{"line":221,"column":37}},"110":{"start":{"line":223,"column":16},"end":{"line":223,"column":49}},"111":{"start":{"line":224,"column":16},"end":{"line":224,"column":23}},"112":{"start":{"line":228,"column":4},"end":{"line":238,"column":7}},"113":{"start":{"line":229,"column":8},"end":{"line":237,"column":15}},"114":{"start":{"line":232,"column":16},"end":{"line":234,"column":17}},"115":{"start":{"line":233,"column":20},"end":{"line":233,"column":37}},"116":{"start":{"line":235,"column":16},"end":{"line":235,"column":49}},"117":{"start":{"line":236,"column":16},"end":{"line":236,"column":23}},"118":{"start":{"line":240,"column":4},"end":{"line":250,"column":7}},"119":{"start":{"line":241,"column":8},"end":{"line":249,"column":15}},"120":{"start":{"line":244,"column":16},"end":{"line":246,"column":17}},"121":{"start":{"line":245,"column":20},"end":{"line":245,"column":37}},"122":{"start":{"line":247,"column":16},"end":{"line":247,"column":49}},"123":{"start":{"line":248,"column":16},"end":{"line":248,"column":23}},"124":{"start":{"line":252,"column":4},"end":{"line":262,"column":7}},"125":{"start":{"line":253,"column":8},"end":{"line":261,"column":15}},"126":{"start":{"line":256,"column":16},"end":{"line":258,"column":17}},"127":{"start":{"line":257,"column":20},"end":{"line":257,"column":37}},"128":{"start":{"line":259,"column":16},"end":{"line":259,"column":49}},"129":{"start":{"line":260,"column":16},"end":{"line":260,"column":23}},"130":{"start":{"line":264,"column":4},"end":{"line":271,"column":7}},"131":{"start":{"line":265,"column":8},"end":{"line":270,"column":15}},"132":{"start":{"line":268,"column":16},"end":{"line":268,"column":49}},"133":{"start":{"line":269,"column":16},"end":{"line":269,"column":23}},"134":{"start":{"line":273,"column":4},"end":{"line":281,"column":7}},"135":{"start":{"line":274,"column":8},"end":{"line":279,"column":15}},"136":{"start":{"line":276,"column":16},"end":{"line":276,"column":61}},"137":{"start":{"line":277,"column":16},"end":{"line":277,"column":49}},"138":{"start":{"line":278,"column":16},"end":{"line":278,"column":23}},"139":{"start":{"line":283,"column":4},"end":{"line":456,"column":7}},"140":{"start":{"line":285,"column":8},"end":{"line":292,"column":11}},"141":{"start":{"line":286,"column":12},"end":{"line":291,"column":19}},"142":{"start":{"line":289,"column":20},"end":{"line":289,"column":53}},"143":{"start":{"line":290,"column":20},"end":{"line":290,"column":27}},"144":{"start":{"line":294,"column":8},"end":{"line":296,"column":11}},"145":{"start":{"line":295,"column":12},"end":{"line":295,"column":27}},"146":{"start":{"line":298,"column":8},"end":{"line":309,"column":11}},"147":{"start":{"line":299,"column":26},"end":{"line":299,"column":56}},"148":{"start":{"line":301,"column":12},"end":{"line":308,"column":15}},"149":{"start":{"line":302,"column":16},"end":{"line":302,"column":45}},"150":{"start":{"line":303,"column":16},"end":{"line":306,"column":19}},"151":{"start":{"line":304,"column":20},"end":{"line":304,"column":54}},"152":{"start":{"line":305,"column":20},"end":{"line":305,"column":27}},"153":{"start":{"line":312,"column":8},"end":{"line":323,"column":11}},"154":{"start":{"line":313,"column":26},"end":{"line":313,"column":56}},"155":{"start":{"line":315,"column":12},"end":{"line":322,"column":15}},"156":{"start":{"line":316,"column":16},"end":{"line":316,"column":45}},"157":{"start":{"line":317,"column":16},"end":{"line":320,"column":19}},"158":{"start":{"line":318,"column":20},"end":{"line":318,"column":54}},"159":{"start":{"line":319,"column":20},"end":{"line":319,"column":27}},"160":{"start":{"line":325,"column":8},"end":{"line":336,"column":11}},"161":{"start":{"line":326,"column":26},"end":{"line":326,"column":56}},"162":{"start":{"line":328,"column":12},"end":{"line":335,"column":15}},"163":{"start":{"line":329,"column":16},"end":{"line":329,"column":48}},"164":{"start":{"line":330,"column":16},"end":{"line":333,"column":19}},"165":{"start":{"line":331,"column":20},"end":{"line":331,"column":54}},"166":{"start":{"line":332,"column":20},"end":{"line":332,"column":27}},"167":{"start":{"line":338,"column":8},"end":{"line":359,"column":11}},"168":{"start":{"line":339,"column":25},"end":{"line":339,"column":55}},"169":{"start":{"line":340,"column":12},"end":{"line":358,"column":15}},"170":{"start":{"line":341,"column":16},"end":{"line":341,"column":44}},"171":{"start":{"line":342,"column":16},"end":{"line":355,"column":19}},"172":{"start":{"line":343,"column":20},"end":{"line":343,"column":54}},"173":{"start":{"line":345,"column":34},"end":{"line":349,"column":21}},"174":{"start":{"line":350,"column":20},"end":{"line":350,"column":54}},"175":{"start":{"line":351,"column":20},"end":{"line":354,"column":23}},"176":{"start":{"line":352,"column":24},"end":{"line":352,"column":85}},"177":{"start":{"line":353,"column":24},"end":{"line":353,"column":31}},"178":{"start":{"line":361,"column":8},"end":{"line":377,"column":11}},"179":{"start":{"line":362,"column":25},"end":{"line":362,"column":55}},"180":{"start":{"line":363,"column":12},"end":{"line":376,"column":15}},"181":{"start":{"line":364,"column":16},"end":{"line":364,"column":44}},"182":{"start":{"line":365,"column":16},"end":{"line":373,"column":19}},"183":{"start":{"line":366,"column":20},"end":{"line":366,"column":54}},"184":{"start":{"line":368,"column":20},"end":{"line":372,"column":23}},"185":{"start":{"line":369,"column":24},"end":{"line":369,"column":74}},"186":{"start":{"line":370,"column":24},"end":{"line":370,"column":93}},"187":{"start":{"line":371,"column":24},"end":{"line":371,"column":31}},"188":{"start":{"line":379,"column":8},"end":{"line":393,"column":11}},"189":{"start":{"line":380,"column":25},"end":{"line":380,"column":55}},"190":{"start":{"line":381,"column":12},"end":{"line":392,"column":15}},"191":{"start":{"line":382,"column":16},"end":{"line":382,"column":44}},"192":{"start":{"line":383,"column":16},"end":{"line":389,"column":19}},"193":{"start":{"line":384,"column":20},"end":{"line":384,"column":54}},"194":{"start":{"line":385,"column":20},"end":{"line":388,"column":23}},"195":{"start":{"line":386,"column":24},"end":{"line":386,"column":79}},"196":{"start":{"line":387,"column":24},"end":{"line":387,"column":31}},"197":{"start":{"line":395,"column":8},"end":{"line":407,"column":11}},"198":{"start":{"line":396,"column":25},"end":{"line":396,"column":55}},"199":{"start":{"line":397,"column":12},"end":{"line":406,"column":15}},"200":{"start":{"line":398,"column":16},"end":{"line":398,"column":44}},"201":{"start":{"line":399,"column":16},"end":{"line":405,"column":19}},"202":{"start":{"line":400,"column":20},"end":{"line":400,"column":54}},"203":{"start":{"line":401,"column":20},"end":{"line":404,"column":23}},"204":{"start":{"line":402,"column":24},"end":{"line":402,"column":79}},"205":{"start":{"line":403,"column":24},"end":{"line":403,"column":31}},"206":{"start":{"line":409,"column":8},"end":{"line":427,"column":11}},"207":{"start":{"line":410,"column":25},"end":{"line":410,"column":55}},"208":{"start":{"line":411,"column":12},"end":{"line":426,"column":15}},"209":{"start":{"line":412,"column":16},"end":{"line":412,"column":44}},"210":{"start":{"line":413,"column":16},"end":{"line":425,"column":19}},"211":{"start":{"line":414,"column":20},"end":{"line":414,"column":54}},"212":{"start":{"line":415,"column":20},"end":{"line":424,"column":23}},"213":{"start":{"line":416,"column":24},"end":{"line":416,"column":91}},"214":{"start":{"line":417,"column":24},"end":{"line":417,"column":88}},"215":{"start":{"line":418,"column":24},"end":{"line":418,"column":96}},"216":{"start":{"line":419,"column":24},"end":{"line":419,"column":89}},"217":{"start":{"line":420,"column":24},"end":{"line":420,"column":77}},"218":{"start":{"line":421,"column":24},"end":{"line":421,"column":79}},"219":{"start":{"line":422,"column":24},"end":{"line":422,"column":79}},"220":{"start":{"line":423,"column":24},"end":{"line":423,"column":31}},"221":{"start":{"line":429,"column":8},"end":{"line":453,"column":11}},"222":{"start":{"line":430,"column":25},"end":{"line":430,"column":55}},"223":{"start":{"line":431,"column":12},"end":{"line":452,"column":15}},"224":{"start":{"line":432,"column":16},"end":{"line":432,"column":44}},"225":{"start":{"line":433,"column":16},"end":{"line":433,"column":44}},"226":{"start":{"line":434,"column":16},"end":{"line":451,"column":19}},"227":{"start":{"line":435,"column":20},"end":{"line":435,"column":54}},"228":{"start":{"line":437,"column":35},"end":{"line":441,"column":21}},"229":{"start":{"line":443,"column":20},"end":{"line":443,"column":64}},"230":{"start":{"line":445,"column":40},"end":{"line":445,"column":41}},"231":{"start":{"line":446,"column":20},"end":{"line":449,"column":23}},"232":{"start":{"line":447,"column":24},"end":{"line":447,"column":111}},"233":{"start":{"line":448,"column":24},"end":{"line":448,"column":31}}},"fnMap":{"0":{"name":"(anonymous_0)","decl":{"start":{"line":20,"column":35},"end":{"line":20,"column":36}},"loc":{"start":{"line":20,"column":47},"end":{"line":458,"column":1}},"line":20},"1":{"name":"(anonymous_1)","decl":{"start":{"line":21,"column":70},"end":{"line":21,"column":71}},"loc":{"start":{"line":21,"column":86},"end":{"line":29,"column":5}},"line":21},"2":{"name":"(anonymous_2)","decl":{"start":{"line":23,"column":17},"end":{"line":23,"column":18}},"loc":{"start":{"line":23,"column":37},"end":{"line":27,"column":13}},"line":23},"3":{"name":"(anonymous_3)","decl":{"start":{"line":31,"column":75},"end":{"line":31,"column":76}},"loc":{"start":{"line":31,"column":91},"end":{"line":39,"column":5}},"line":31},"4":{"name":"(anonymous_4)","decl":{"start":{"line":33,"column":17},"end":{"line":33,"column":18}},"loc":{"start":{"line":33,"column":37},"end":{"line":37,"column":13}},"line":33},"5":{"name":"(anonymous_5)","decl":{"start":{"line":41,"column":72},"end":{"line":41,"column":73}},"loc":{"start":{"line":41,"column":88},"end":{"line":49,"column":5}},"line":41},"6":{"name":"(anonymous_6)","decl":{"start":{"line":43,"column":17},"end":{"line":43,"column":18}},"loc":{"start":{"line":43,"column":37},"end":{"line":47,"column":13}},"line":43},"7":{"name":"(anonymous_7)","decl":{"start":{"line":51,"column":69},"end":{"line":51,"column":70}},"loc":{"start":{"line":51,"column":85},"end":{"line":59,"column":5}},"line":51},"8":{"name":"(anonymous_8)","decl":{"start":{"line":53,"column":17},"end":{"line":53,"column":18}},"loc":{"start":{"line":53,"column":37},"end":{"line":57,"column":13}},"line":53},"9":{"name":"(anonymous_9)","decl":{"start":{"line":61,"column":67},"end":{"line":61,"column":68}},"loc":{"start":{"line":61,"column":83},"end":{"line":69,"column":5}},"line":61},"10":{"name":"(anonymous_10)","decl":{"start":{"line":63,"column":17},"end":{"line":63,"column":18}},"loc":{"start":{"line":63,"column":37},"end":{"line":67,"column":13}},"line":63},"11":{"name":"(anonymous_11)","decl":{"start":{"line":71,"column":77},"end":{"line":71,"column":78}},"loc":{"start":{"line":71,"column":93},"end":{"line":79,"column":5}},"line":71},"12":{"name":"(anonymous_12)","decl":{"start":{"line":73,"column":17},"end":{"line":73,"column":18}},"loc":{"start":{"line":73,"column":37},"end":{"line":77,"column":13}},"line":73},"13":{"name":"(anonymous_13)","decl":{"start":{"line":81,"column":73},"end":{"line":81,"column":74}},"loc":{"start":{"line":81,"column":89},"end":{"line":89,"column":5}},"line":81},"14":{"name":"(anonymous_14)","decl":{"start":{"line":83,"column":17},"end":{"line":83,"column":18}},"loc":{"start":{"line":83,"column":37},"end":{"line":87,"column":13}},"line":83},"15":{"name":"(anonymous_15)","decl":{"start":{"line":91,"column":71},"end":{"line":91,"column":72}},"loc":{"start":{"line":91,"column":87},"end":{"line":99,"column":5}},"line":91},"16":{"name":"(anonymous_16)","decl":{"start":{"line":93,"column":17},"end":{"line":93,"column":18}},"loc":{"start":{"line":93,"column":37},"end":{"line":97,"column":13}},"line":93},"17":{"name":"(anonymous_17)","decl":{"start":{"line":101,"column":57},"end":{"line":101,"column":58}},"loc":{"start":{"line":101,"column":73},"end":{"line":109,"column":5}},"line":101},"18":{"name":"(anonymous_18)","decl":{"start":{"line":103,"column":17},"end":{"line":103,"column":18}},"loc":{"start":{"line":103,"column":37},"end":{"line":107,"column":13}},"line":103},"19":{"name":"(anonymous_19)","decl":{"start":{"line":111,"column":56},"end":{"line":111,"column":57}},"loc":{"start":{"line":111,"column":72},"end":{"line":119,"column":5}},"line":111},"20":{"name":"(anonymous_20)","decl":{"start":{"line":113,"column":17},"end":{"line":113,"column":18}},"loc":{"start":{"line":113,"column":37},"end":{"line":117,"column":13}},"line":113},"21":{"name":"(anonymous_21)","decl":{"start":{"line":122,"column":72},"end":{"line":122,"column":73}},"loc":{"start":{"line":122,"column":87},"end":{"line":130,"column":5}},"line":122},"22":{"name":"(anonymous_22)","decl":{"start":{"line":125,"column":17},"end":{"line":125,"column":18}},"loc":{"start":{"line":125,"column":37},"end":{"line":128,"column":13}},"line":125},"23":{"name":"(anonymous_23)","decl":{"start":{"line":132,"column":72},"end":{"line":132,"column":73}},"loc":{"start":{"line":132,"column":87},"end":{"line":139,"column":5}},"line":132},"24":{"name":"(anonymous_24)","decl":{"start":{"line":135,"column":17},"end":{"line":135,"column":18}},"loc":{"start":{"line":135,"column":37},"end":{"line":138,"column":13}},"line":135},"25":{"name":"(anonymous_25)","decl":{"start":{"line":141,"column":72},"end":{"line":141,"column":73}},"loc":{"start":{"line":141,"column":87},"end":{"line":148,"column":5}},"line":141},"26":{"name":"(anonymous_26)","decl":{"start":{"line":144,"column":17},"end":{"line":144,"column":18}},"loc":{"start":{"line":144,"column":37},"end":{"line":147,"column":13}},"line":144},"27":{"name":"(anonymous_27)","decl":{"start":{"line":150,"column":72},"end":{"line":150,"column":73}},"loc":{"start":{"line":150,"column":87},"end":{"line":157,"column":5}},"line":150},"28":{"name":"(anonymous_28)","decl":{"start":{"line":153,"column":17},"end":{"line":153,"column":18}},"loc":{"start":{"line":153,"column":37},"end":{"line":156,"column":13}},"line":153},"29":{"name":"(anonymous_29)","decl":{"start":{"line":159,"column":72},"end":{"line":159,"column":73}},"loc":{"start":{"line":159,"column":87},"end":{"line":166,"column":5}},"line":159},"30":{"name":"(anonymous_30)","decl":{"start":{"line":162,"column":17},"end":{"line":162,"column":18}},"loc":{"start":{"line":162,"column":37},"end":{"line":165,"column":13}},"line":162},"31":{"name":"(anonymous_31)","decl":{"start":{"line":168,"column":81},"end":{"line":168,"column":82}},"loc":{"start":{"line":168,"column":96},"end":{"line":178,"column":5}},"line":168},"32":{"name":"(anonymous_32)","decl":{"start":{"line":171,"column":17},"end":{"line":171,"column":18}},"loc":{"start":{"line":171,"column":37},"end":{"line":177,"column":13}},"line":171},"33":{"name":"(anonymous_33)","decl":{"start":{"line":180,"column":85},"end":{"line":180,"column":86}},"loc":{"start":{"line":180,"column":100},"end":{"line":190,"column":5}},"line":180},"34":{"name":"(anonymous_34)","decl":{"start":{"line":183,"column":17},"end":{"line":183,"column":18}},"loc":{"start":{"line":183,"column":37},"end":{"line":189,"column":13}},"line":183},"35":{"name":"(anonymous_35)","decl":{"start":{"line":192,"column":81},"end":{"line":192,"column":82}},"loc":{"start":{"line":192,"column":96},"end":{"line":202,"column":5}},"line":192},"36":{"name":"(anonymous_36)","decl":{"start":{"line":195,"column":17},"end":{"line":195,"column":18}},"loc":{"start":{"line":195,"column":37},"end":{"line":201,"column":13}},"line":195},"37":{"name":"(anonymous_37)","decl":{"start":{"line":204,"column":81},"end":{"line":204,"column":82}},"loc":{"start":{"line":204,"column":96},"end":{"line":214,"column":5}},"line":204},"38":{"name":"(anonymous_38)","decl":{"start":{"line":207,"column":17},"end":{"line":207,"column":18}},"loc":{"start":{"line":207,"column":37},"end":{"line":213,"column":13}},"line":207},"39":{"name":"(anonymous_39)","decl":{"start":{"line":216,"column":91},"end":{"line":216,"column":92}},"loc":{"start":{"line":216,"column":106},"end":{"line":226,"column":5}},"line":216},"40":{"name":"(anonymous_40)","decl":{"start":{"line":219,"column":17},"end":{"line":219,"column":18}},"loc":{"start":{"line":219,"column":37},"end":{"line":225,"column":13}},"line":219},"41":{"name":"(anonymous_41)","decl":{"start":{"line":228,"column":82},"end":{"line":228,"column":83}},"loc":{"start":{"line":228,"column":97},"end":{"line":238,"column":5}},"line":228},"42":{"name":"(anonymous_42)","decl":{"start":{"line":231,"column":17},"end":{"line":231,"column":18}},"loc":{"start":{"line":231,"column":37},"end":{"line":237,"column":13}},"line":231},"43":{"name":"(anonymous_43)","decl":{"start":{"line":240,"column":84},"end":{"line":240,"column":85}},"loc":{"start":{"line":240,"column":99},"end":{"line":250,"column":5}},"line":240},"44":{"name":"(anonymous_44)","decl":{"start":{"line":243,"column":17},"end":{"line":243,"column":18}},"loc":{"start":{"line":243,"column":37},"end":{"line":249,"column":13}},"line":243},"45":{"name":"(anonymous_45)","decl":{"start":{"line":252,"column":87},"end":{"line":252,"column":88}},"loc":{"start":{"line":252,"column":102},"end":{"line":262,"column":5}},"line":252},"46":{"name":"(anonymous_46)","decl":{"start":{"line":255,"column":17},"end":{"line":255,"column":18}},"loc":{"start":{"line":255,"column":37},"end":{"line":261,"column":13}},"line":255},"47":{"name":"(anonymous_47)","decl":{"start":{"line":264,"column":78},"end":{"line":264,"column":79}},"loc":{"start":{"line":264,"column":93},"end":{"line":271,"column":5}},"line":264},"48":{"name":"(anonymous_48)","decl":{"start":{"line":267,"column":17},"end":{"line":267,"column":18}},"loc":{"start":{"line":267,"column":37},"end":{"line":270,"column":13}},"line":267},"49":{"name":"(anonymous_49)","decl":{"start":{"line":273,"column":34},"end":{"line":273,"column":35}},"loc":{"start":{"line":273,"column":50},"end":{"line":281,"column":5}},"line":273},"50":{"name":"(anonymous_50)","decl":{"start":{"line":275,"column":17},"end":{"line":275,"column":18}},"loc":{"start":{"line":275,"column":37},"end":{"line":279,"column":13}},"line":275},"51":{"name":"(anonymous_51)","decl":{"start":{"line":283,"column":29},"end":{"line":283,"column":30}},"loc":{"start":{"line":283,"column":41},"end":{"line":456,"column":5}},"line":283},"52":{"name":"(anonymous_52)","decl":{"start":{"line":285,"column":15},"end":{"line":285,"column":16}},"loc":{"start":{"line":285,"column":31},"end":{"line":292,"column":9}},"line":285},"53":{"name":"(anonymous_53)","decl":{"start":{"line":288,"column":21},"end":{"line":288,"column":22}},"loc":{"start":{"line":288,"column":41},"end":{"line":291,"column":17}},"line":288},"54":{"name":"(anonymous_54)","decl":{"start":{"line":294,"column":14},"end":{"line":294,"column":15}},"loc":{"start":{"line":294,"column":26},"end":{"line":296,"column":9}},"line":294},"55":{"name":"(anonymous_55)","decl":{"start":{"line":298,"column":40},"end":{"line":298,"column":41}},"loc":{"start":{"line":298,"column":56},"end":{"line":309,"column":9}},"line":298},"56":{"name":"(anonymous_56)","decl":{"start":{"line":301,"column":34},"end":{"line":301,"column":35}},"loc":{"start":{"line":301,"column":50},"end":{"line":308,"column":13}},"line":301},"57":{"name":"(anonymous_57)","decl":{"start":{"line":303,"column":41},"end":{"line":303,"column":42}},"loc":{"start":{"line":303,"column":57},"end":{"line":306,"column":17}},"line":303},"58":{"name":"(anonymous_58)","decl":{"start":{"line":312,"column":41},"end":{"line":312,"column":42}},"loc":{"start":{"line":312,"column":57},"end":{"line":323,"column":9}},"line":312},"59":{"name":"(anonymous_59)","decl":{"start":{"line":315,"column":34},"end":{"line":315,"column":35}},"loc":{"start":{"line":315,"column":50},"end":{"line":322,"column":13}},"line":315},"60":{"name":"(anonymous_60)","decl":{"start":{"line":317,"column":41},"end":{"line":317,"column":42}},"loc":{"start":{"line":317,"column":57},"end":{"line":320,"column":17}},"line":317},"61":{"name":"(anonymous_61)","decl":{"start":{"line":325,"column":45},"end":{"line":325,"column":46}},"loc":{"start":{"line":325,"column":61},"end":{"line":336,"column":9}},"line":325},"62":{"name":"(anonymous_62)","decl":{"start":{"line":328,"column":34},"end":{"line":328,"column":35}},"loc":{"start":{"line":328,"column":50},"end":{"line":335,"column":13}},"line":328},"63":{"name":"(anonymous_63)","decl":{"start":{"line":330,"column":41},"end":{"line":330,"column":42}},"loc":{"start":{"line":330,"column":57},"end":{"line":333,"column":17}},"line":330},"64":{"name":"(anonymous_64)","decl":{"start":{"line":338,"column":72},"end":{"line":338,"column":73}},"loc":{"start":{"line":338,"column":88},"end":{"line":359,"column":9}},"line":338},"65":{"name":"(anonymous_65)","decl":{"start":{"line":340,"column":33},"end":{"line":340,"column":34}},"loc":{"start":{"line":340,"column":49},"end":{"line":358,"column":13}},"line":340},"66":{"name":"(anonymous_66)","decl":{"start":{"line":342,"column":40},"end":{"line":342,"column":41}},"loc":{"start":{"line":342,"column":56},"end":{"line":355,"column":17}},"line":342},"67":{"name":"(anonymous_67)","decl":{"start":{"line":351,"column":41},"end":{"line":351,"column":42}},"loc":{"start":{"line":351,"column":57},"end":{"line":354,"column":21}},"line":351},"68":{"name":"(anonymous_68)","decl":{"start":{"line":361,"column":73},"end":{"line":361,"column":74}},"loc":{"start":{"line":361,"column":89},"end":{"line":377,"column":9}},"line":361},"69":{"name":"(anonymous_69)","decl":{"start":{"line":363,"column":33},"end":{"line":363,"column":34}},"loc":{"start":{"line":363,"column":49},"end":{"line":376,"column":13}},"line":363},"70":{"name":"(anonymous_70)","decl":{"start":{"line":365,"column":40},"end":{"line":365,"column":41}},"loc":{"start":{"line":365,"column":56},"end":{"line":373,"column":17}},"line":365},"71":{"name":"(anonymous_71)","decl":{"start":{"line":368,"column":62},"end":{"line":368,"column":63}},"loc":{"start":{"line":368,"column":86},"end":{"line":372,"column":21}},"line":368},"72":{"name":"(anonymous_72)","decl":{"start":{"line":379,"column":99},"end":{"line":379,"column":100}},"loc":{"start":{"line":379,"column":115},"end":{"line":393,"column":9}},"line":379},"73":{"name":"(anonymous_73)","decl":{"start":{"line":381,"column":33},"end":{"line":381,"column":34}},"loc":{"start":{"line":381,"column":49},"end":{"line":392,"column":13}},"line":381},"74":{"name":"(anonymous_74)","decl":{"start":{"line":383,"column":40},"end":{"line":383,"column":41}},"loc":{"start":{"line":383,"column":56},"end":{"line":389,"column":17}},"line":383},"75":{"name":"(anonymous_75)","decl":{"start":{"line":385,"column":59},"end":{"line":385,"column":60}},"loc":{"start":{"line":385,"column":83},"end":{"line":388,"column":21}},"line":385},"76":{"name":"(anonymous_76)","decl":{"start":{"line":395,"column":57},"end":{"line":395,"column":58}},"loc":{"start":{"line":395,"column":73},"end":{"line":407,"column":9}},"line":395},"77":{"name":"(anonymous_77)","decl":{"start":{"line":397,"column":33},"end":{"line":397,"column":34}},"loc":{"start":{"line":397,"column":49},"end":{"line":406,"column":13}},"line":397},"78":{"name":"(anonymous_78)","decl":{"start":{"line":399,"column":40},"end":{"line":399,"column":41}},"loc":{"start":{"line":399,"column":56},"end":{"line":405,"column":17}},"line":399},"79":{"name":"(anonymous_79)","decl":{"start":{"line":401,"column":55},"end":{"line":401,"column":56}},"loc":{"start":{"line":401,"column":79},"end":{"line":404,"column":21}},"line":401},"80":{"name":"(anonymous_80)","decl":{"start":{"line":409,"column":72},"end":{"line":409,"column":73}},"loc":{"start":{"line":409,"column":88},"end":{"line":427,"column":9}},"line":409},"81":{"name":"(anonymous_81)","decl":{"start":{"line":411,"column":33},"end":{"line":411,"column":34}},"loc":{"start":{"line":411,"column":49},"end":{"line":426,"column":13}},"line":411},"82":{"name":"(anonymous_82)","decl":{"start":{"line":413,"column":40},"end":{"line":413,"column":41}},"loc":{"start":{"line":413,"column":56},"end":{"line":425,"column":17}},"line":413},"83":{"name":"(anonymous_83)","decl":{"start":{"line":415,"column":55},"end":{"line":415,"column":56}},"loc":{"start":{"line":415,"column":79},"end":{"line":424,"column":21}},"line":415},"84":{"name":"(anonymous_84)","decl":{"start":{"line":429,"column":87},"end":{"line":429,"column":88}},"loc":{"start":{"line":429,"column":103},"end":{"line":453,"column":9}},"line":429},"85":{"name":"(anonymous_85)","decl":{"start":{"line":431,"column":33},"end":{"line":431,"column":34}},"loc":{"start":{"line":431,"column":49},"end":{"line":452,"column":13}},"line":431},"86":{"name":"(anonymous_86)","decl":{"start":{"line":434,"column":40},"end":{"line":434,"column":41}},"loc":{"start":{"line":434,"column":56},"end":{"line":451,"column":17}},"line":434},"87":{"name":"(anonymous_87)","decl":{"start":{"line":446,"column":71},"end":{"line":446,"column":72}},"loc":{"start":{"line":446,"column":95},"end":{"line":449,"column":21}},"line":446}},"branchMap":{"0":{"loc":{"start":{"line":172,"column":16},"end":{"line":174,"column":17}},"type":"if","locations":[{"start":{"line":172,"column":16},"end":{"line":174,"column":17}},{"start":{"line":172,"column":16},"end":{"line":174,"column":17}}],"line":172},"1":{"loc":{"start":{"line":184,"column":16},"end":{"line":186,"column":17}},"type":"if","locations":[{"start":{"line":184,"column":16},"end":{"line":186,"column":17}},{"start":{"line":184,"column":16},"end":{"line":186,"column":17}}],"line":184},"2":{"loc":{"start":{"line":196,"column":16},"end":{"line":198,"column":17}},"type":"if","locations":[{"start":{"line":196,"column":16},"end":{"line":198,"column":17}},{"start":{"line":196,"column":16},"end":{"line":198,"column":17}}],"line":196},"3":{"loc":{"start":{"line":208,"column":16},"end":{"line":210,"column":17}},"type":"if","locations":[{"start":{"line":208,"column":16},"end":{"line":210,"column":17}},{"start":{"line":208,"column":16},"end":{"line":210,"column":17}}],"line":208},"4":{"loc":{"start":{"line":220,"column":16},"end":{"line":222,"column":17}},"type":"if","locations":[{"start":{"line":220,"column":16},"end":{"line":222,"column":17}},{"start":{"line":220,"column":16},"end":{"line":222,"column":17}}],"line":220},"5":{"loc":{"start":{"line":232,"column":16},"end":{"line":234,"column":17}},"type":"if","locations":[{"start":{"line":232,"column":16},"end":{"line":234,"column":17}},{"start":{"line":232,"column":16},"end":{"line":234,"column":17}}],"line":232},"6":{"loc":{"start":{"line":244,"column":16},"end":{"line":246,"column":17}},"type":"if","locations":[{"start":{"line":244,"column":16},"end":{"line":246,"column":17}},{"start":{"line":244,"column":16},"end":{"line":246,"column":17}}],"line":244},"7":{"loc":{"start":{"line":256,"column":16},"end":{"line":258,"column":17}},"type":"if","locations":[{"start":{"line":256,"column":16},"end":{"line":258,"column":17}},{"start":{"line":256,"column":16},"end":{"line":258,"column":17}}],"line":256}},"s":{"0":1,"1":1,"2":1,"3":1,"4":1,"5":1,"6":1,"7":1,"8":1,"9":1,"10":1,"11":1,"12":1,"13":1,"14":1,"15":1,"16":1,"17":1,"18":1,"19":1,"20":1,"21":1,"22":1,"23":1,"24":1,"25":1,"26":1,"27":1,"28":1,"29":1,"30":1,"31":1,"32":1,"33":1,"34":1,"35":1,"36":1,"37":1,"38":1,"39":1,"40":1,"41":1,"42":1,"43":1,"44":1,"45":1,"46":1,"47":1,"48":1,"49":1,"50":1,"51":1,"52":1,"53":1,"54":1,"55":1,"56":1,"57":1,"58":1,"59":1,"60":1,"61":1,"62":1,"63":1,"64":1,"65":1,"66":1,"67":1,"68":1,"69":1,"70":1,"71":1,"72":1,"73":1,"74":1,"75":1,"76":1,"77":1,"78":1,"79":1,"80":1,"81":1,"82":1,"83":1,"84":1,"85":0,"86":1,"87":1,"88":1,"89":1,"90":1,"91":0,"92":1,"93":1,"94":1,"95":1,"96":1,"97":0,"98":1,"99":1,"100":1,"101":1,"102":1,"103":0,"104":1,"105":1,"106":1,"107":1,"108":1,"109":0,"110":1,"111":1,"112":1,"113":1,"114":1,"115":0,"116":1,"117":1,"118":1,"119":1,"120":1,"121":0,"122":1,"123":1,"124":1,"125":1,"126":1,"127":0,"128":1,"129":1,"130":1,"131":1,"132":1,"133":1,"134":1,"135":1,"136":1,"137":1,"138":1,"139":1,"140":1,"141":1,"142":1,"143":1,"144":1,"145":1,"146":1,"147":1,"148":1,"149":1,"150":1,"151":1,"152":1,"153":1,"154":1,"155":1,"156":1,"157":1,"158":1,"159":1,"160":1,"161":1,"162":1,"163":1,"164":1,"165":1,"166":1,"167":1,"168":1,"169":1,"170":1,"171":1,"172":1,"173":1,"174":1,"175":1,"176":1,"177":1,"178":1,"179":1,"180":1,"181":1,"182":1,"183":1,"184":1,"185":1,"186":1,"187":1,"188":1,"189":1,"190":1,"191":1,"192":1,"193":1,"194":1,"195":1,"196":1,"197":1,"198":1,"199":1,"200":1,"201":1,"202":1,"203":1,"204":1,"205":1,"206":1,"207":1,"208":1,"209":1,"210":1,"211":1,"212":1,"213":1,"214":1,"215":1,"216":1,"217":1,"218":1,"219":1,"220":1,"221":1,"222":1,"223":1,"224":1,"225":1,"226":1,"227":1,"228":1,"229":1,"230":1,"231":1,"232":1,"233":1},"f":{"0":1,"1":1,"2":1,"3":1,"4":1,"5":1,"6":1,"7":1,"8":1,"9":1,"10":1,"11":1,"12":1,"13":1,"14":1,"15":1,"16":1,"17":1,"18":1,"19":1,"20":1,"21":1,"22":1,"23":1,"24":1,"25":1,"26":1,"27":1,"28":1,"29":1,"30":1,"31":1,"32":1,"33":1,"34":1,"35":1,"36":1,"37":1,"38":1,"39":1,"40":1,"41":1,"42":1,"43":1,"44":1,"45":1,"46":1,"47":1,"48":1,"49":1,"50":1,"51":1,"52":1,"53":1,"54":1,"55":1,"56":1,"57":1,"58":1,"59":1,"60":1,"61":1,"62":1,"63":1,"64":1,"65":1,"66":1,"67":1,"68":1,"69":1,"70":1,"71":1,"72":1,"73":1,"74":1,"75":1,"76":1,"77":1,"78":1,"79":1,"80":1,"81":1,"82":1,"83":1,"84":1,"85":1,"86":1,"87":1},"b":{"0":[0,1],"1":[0,1],"2":[0,1],"3":[0,1],"4":[0,1],"5":[0,1],"6":[0,1],"7":[0,1]},"_coverageSchema":"43e27e138ebf9cfc5966b082cf9a028302ed4184","hash":"28d303344fba1c2060f540d860c590cb10429aef","contentHash":"abaec2d22fb8bc5205f00990387ac71851902511db8d16b1c3aeea022e593fbf"},"C:\\Users\\Riley Grice\\Desktop\\Software\\Red-r\\RedR-Disaster-Simulator\\DisasterSimulatorNodeJSServer\\server.js":{"path":"C:\\Users\\Riley Grice\\Desktop\\Software\\Red-r\\RedR-Disaster-Simulator\\DisasterSimulatorNodeJSServer\\server.js","statementMap":{"0":{"start":{"line":1,"column":11},"end":{"line":1,"column":24}},"1":{"start":{"line":2,"column":9},"end":{"line":2,"column":22}},"2":{"start":{"line":3,"column":10},"end":{"line":3,"column":24}},"3":{"start":{"line":4,"column":14},"end":{"line":4,"column":32}},"4":{"start":{"line":5,"column":10},"end":{"line":5,"column":19}},"5":{"start":{"line":6,"column":11},"end":{"line":6,"column":44}},"6":{"start":{"line":7,"column":9},"end":{"line":7,"column":35}},"7":{"start":{"line":8,"column":43},"end":{"line":8,"column":68}},"8":{"start":{"line":9,"column":19},"end":{"line":9,"column":48}},"9":{"start":{"line":10,"column":13},"end":{"line":10,"column":30}},"10":{"start":{"line":11,"column":13},"end":{"line":11,"column":39}},"11":{"start":{"line":12,"column":17},"end":{"line":12,"column":36}},"12":{"start":{"line":13,"column":17},"end":{"line":13,"column":38}},"13":{"start":{"line":14,"column":13},"end":{"line":14,"column":30}},"14":{"start":{"line":15,"column":13},"end":{"line":15,"column":32}},"15":{"start":{"line":16,"column":0},"end":{"line":16,"column":22}},"16":{"start":{"line":17,"column":17},"end":{"line":17,"column":38}},"17":{"start":{"line":18,"column":17},"end":{"line":18,"column":38}},"18":{"start":{"line":19,"column":11},"end":{"line":19,"column":26}},"19":{"start":{"line":20,"column":16},"end":{"line":20,"column":37}},"20":{"start":{"line":21,"column":14},"end":{"line":21,"column":36}},"21":{"start":{"line":22,"column":13},"end":{"line":22,"column":30}},"22":{"start":{"line":23,"column":10},"end":{"line":23,"column":30}},"23":{"start":{"line":25,"column":13},"end":{"line":25,"column":42}},"24":{"start":{"line":26,"column":21},"end":{"line":26,"column":26}},"25":{"start":{"line":27,"column":13},"end":{"line":27,"column":35}},"26":{"start":{"line":32,"column":0},"end":{"line":32,"column":21}},"27":{"start":{"line":33,"column":0},"end":{"line":33,"column":37}},"28":{"start":{"line":34,"column":0},"end":{"line":34,"column":76}},"29":{"start":{"line":38,"column":4},"end":{"line":40,"column":7}},"30":{"start":{"line":39,"column":8},"end":{"line":39,"column":46}},"31":{"start":{"line":44,"column":14},"end":{"line":62,"column":1}},"32":{"start":{"line":71,"column":21},"end":{"line":71,"column":23}},"33":{"start":{"line":73,"column":13},"end":{"line":73,"column":25}},"34":{"start":{"line":75,"column":0},"end":{"line":77,"column":1}},"35":{"start":{"line":76,"column":4},"end":{"line":76,"column":28}},"36":{"start":{"line":79,"column":11},"end":{"line":82,"column":1}},"37":{"start":{"line":85,"column":0},"end":{"line":85,"column":26}},"38":{"start":{"line":90,"column":0},"end":{"line":92,"column":3}},"39":{"start":{"line":91,"column":4},"end":{"line":91,"column":44}},"40":{"start":{"line":95,"column":0},"end":{"line":97,"column":3}},"41":{"start":{"line":96,"column":4},"end":{"line":96,"column":48}},"42":{"start":{"line":103,"column":0},"end":{"line":105,"column":3}},"43":{"start":{"line":104,"column":4},"end":{"line":104,"column":56}},"44":{"start":{"line":107,"column":0},"end":{"line":109,"column":3}},"45":{"start":{"line":108,"column":4},"end":{"line":108,"column":57}},"46":{"start":{"line":111,"column":0},"end":{"line":115,"column":3}},"47":{"start":{"line":112,"column":4},"end":{"line":112,"column":19}},"48":{"start":{"line":113,"column":4},"end":{"line":113,"column":29}},"49":{"start":{"line":114,"column":4},"end":{"line":114,"column":52}},"50":{"start":{"line":117,"column":0},"end":{"line":119,"column":3}},"51":{"start":{"line":118,"column":4},"end":{"line":118,"column":52}},"52":{"start":{"line":121,"column":0},"end":{"line":125,"column":3}},"53":{"start":{"line":122,"column":4},"end":{"line":122,"column":19}},"54":{"start":{"line":123,"column":4},"end":{"line":123,"column":29}},"55":{"start":{"line":124,"column":4},"end":{"line":124,"column":54}},"56":{"start":{"line":127,"column":0},"end":{"line":130,"column":3}},"57":{"start":{"line":129,"column":4},"end":{"line":129,"column":49}},"58":{"start":{"line":132,"column":0},"end":{"line":134,"column":3}},"59":{"start":{"line":133,"column":4},"end":{"line":133,"column":53}},"60":{"start":{"line":136,"column":0},"end":{"line":138,"column":3}},"61":{"start":{"line":137,"column":4},"end":{"line":137,"column":44}},"62":{"start":{"line":140,"column":0},"end":{"line":142,"column":3}},"63":{"start":{"line":141,"column":4},"end":{"line":141,"column":43}},"64":{"start":{"line":144,"column":0},"end":{"line":157,"column":3}},"65":{"start":{"line":147,"column":4},"end":{"line":155,"column":7}},"66":{"start":{"line":148,"column":8},"end":{"line":154,"column":9}},"67":{"start":{"line":149,"column":12},"end":{"line":149,"column":46}},"68":{"start":{"line":150,"column":12},"end":{"line":150,"column":22}},"69":{"start":{"line":152,"column":12},"end":{"line":152,"column":34}},"70":{"start":{"line":153,"column":12},"end":{"line":153,"column":101}},"71":{"start":{"line":160,"column":0},"end":{"line":162,"column":3}},"72":{"start":{"line":161,"column":4},"end":{"line":161,"column":33}},"73":{"start":{"line":164,"column":0},"end":{"line":191,"column":3}},"74":{"start":{"line":167,"column":4},"end":{"line":190,"column":5}},"75":{"start":{"line":169,"column":26},"end":{"line":169,"column":42}},"76":{"start":{"line":171,"column":8},"end":{"line":173,"column":9}},"77":{"start":{"line":172,"column":12},"end":{"line":172,"column":60}},"78":{"start":{"line":174,"column":8},"end":{"line":176,"column":9}},"79":{"start":{"line":175,"column":12},"end":{"line":175,"column":66}},"80":{"start":{"line":178,"column":8},"end":{"line":186,"column":11}},"81":{"start":{"line":179,"column":12},"end":{"line":185,"column":13}},"82":{"start":{"line":180,"column":16},"end":{"line":180,"column":33}},"83":{"start":{"line":181,"column":16},"end":{"line":181,"column":42}},"84":{"start":{"line":182,"column":16},"end":{"line":182,"column":26}},"85":{"start":{"line":184,"column":16},"end":{"line":184,"column":26}},"86":{"start":{"line":188,"column":8},"end":{"line":188,"column":31}},"87":{"start":{"line":189,"column":8},"end":{"line":189,"column":78}},"88":{"start":{"line":193,"column":0},"end":{"line":217,"column":3}},"89":{"start":{"line":196,"column":4},"end":{"line":216,"column":5}},"90":{"start":{"line":198,"column":26},"end":{"line":198,"column":42}},"91":{"start":{"line":200,"column":8},"end":{"line":202,"column":9}},"92":{"start":{"line":201,"column":12},"end":{"line":201,"column":64}},"93":{"start":{"line":204,"column":8},"end":{"line":212,"column":11}},"94":{"start":{"line":205,"column":12},"end":{"line":211,"column":13}},"95":{"start":{"line":206,"column":16},"end":{"line":206,"column":33}},"96":{"start":{"line":207,"column":16},"end":{"line":207,"column":42}},"97":{"start":{"line":208,"column":16},"end":{"line":208,"column":26}},"98":{"start":{"line":210,"column":16},"end":{"line":210,"column":26}},"99":{"start":{"line":214,"column":8},"end":{"line":214,"column":31}},"100":{"start":{"line":215,"column":8},"end":{"line":215,"column":78}},"101":{"start":{"line":219,"column":0},"end":{"line":243,"column":3}},"102":{"start":{"line":222,"column":4},"end":{"line":242,"column":5}},"103":{"start":{"line":224,"column":26},"end":{"line":224,"column":42}},"104":{"start":{"line":226,"column":8},"end":{"line":228,"column":9}},"105":{"start":{"line":227,"column":12},"end":{"line":227,"column":73}},"106":{"start":{"line":230,"column":8},"end":{"line":238,"column":11}},"107":{"start":{"line":231,"column":12},"end":{"line":237,"column":13}},"108":{"start":{"line":232,"column":16},"end":{"line":232,"column":33}},"109":{"start":{"line":233,"column":16},"end":{"line":233,"column":42}},"110":{"start":{"line":234,"column":16},"end":{"line":234,"column":26}},"111":{"start":{"line":236,"column":16},"end":{"line":236,"column":26}},"112":{"start":{"line":240,"column":8},"end":{"line":240,"column":31}},"113":{"start":{"line":241,"column":8},"end":{"line":241,"column":78}},"114":{"start":{"line":245,"column":0},"end":{"line":253,"column":3}},"115":{"start":{"line":246,"column":4},"end":{"line":251,"column":7}},"116":{"start":{"line":247,"column":8},"end":{"line":250,"column":11}},"117":{"start":{"line":248,"column":12},"end":{"line":248,"column":52}},"118":{"start":{"line":248,"column":23},"end":{"line":248,"column":52}},"119":{"start":{"line":249,"column":12},"end":{"line":249,"column":102}},"120":{"start":{"line":257,"column":4},"end":{"line":259,"column":7}},"121":{"start":{"line":258,"column":8},"end":{"line":258,"column":50}},"122":{"start":{"line":264,"column":4},"end":{"line":282,"column":6}},"123":{"start":{"line":283,"column":4},"end":{"line":283,"column":24}},"124":{"start":{"line":284,"column":4},"end":{"line":284,"column":30}},"125":{"start":{"line":285,"column":4},"end":{"line":287,"column":5}},"126":{"start":{"line":286,"column":8},"end":{"line":286,"column":27}},"127":{"start":{"line":292,"column":4},"end":{"line":296,"column":5}},"128":{"start":{"line":293,"column":8},"end":{"line":293,"column":57}},"129":{"start":{"line":295,"column":8},"end":{"line":295,"column":55}},"130":{"start":{"line":298,"column":4},"end":{"line":478,"column":7}},"131":{"start":{"line":299,"column":8},"end":{"line":299,"column":48}},"132":{"start":{"line":301,"column":8},"end":{"line":477,"column":9}},"133":{"start":{"line":303,"column":12},"end":{"line":306,"column":13}},"134":{"start":{"line":304,"column":16},"end":{"line":305,"column":46}},"135":{"start":{"line":308,"column":16},"end":{"line":308,"column":31}},"136":{"start":{"line":311,"column":30},"end":{"line":311,"column":47}},"137":{"start":{"line":312,"column":12},"end":{"line":466,"column":15}},"138":{"start":{"line":313,"column":16},"end":{"line":316,"column":17}},"139":{"start":{"line":314,"column":20},"end":{"line":314,"column":37}},"140":{"start":{"line":315,"column":20},"end":{"line":315,"column":53}},"141":{"start":{"line":319,"column":16},"end":{"line":321,"column":17}},"142":{"start":{"line":320,"column":20},"end":{"line":320,"column":71}},"143":{"start":{"line":326,"column":16},"end":{"line":465,"column":19}},"144":{"start":{"line":328,"column":20},"end":{"line":328,"column":63}},"145":{"start":{"line":328,"column":29},"end":{"line":328,"column":63}},"146":{"start":{"line":330,"column":20},"end":{"line":335,"column":21}},"147":{"start":{"line":331,"column":24},"end":{"line":334,"column":27}},"148":{"start":{"line":332,"column":28},"end":{"line":332,"column":47}},"149":{"start":{"line":332,"column":37},"end":{"line":332,"column":47}},"150":{"start":{"line":333,"column":28},"end":{"line":333,"column":68}},"151":{"start":{"line":338,"column":20},"end":{"line":464,"column":21}},"152":{"start":{"line":341,"column":40},"end":{"line":341,"column":64}},"153":{"start":{"line":342,"column":24},"end":{"line":342,"column":76}},"154":{"start":{"line":344,"column":24},"end":{"line":460,"column":25}},"155":{"start":{"line":348,"column":41},"end":{"line":348,"column":60}},"156":{"start":{"line":350,"column":28},"end":{"line":456,"column":31}},"157":{"start":{"line":351,"column":32},"end":{"line":354,"column":33}},"158":{"start":{"line":352,"column":36},"end":{"line":352,"column":57}},"159":{"start":{"line":353,"column":36},"end":{"line":353,"column":106}},"160":{"start":{"line":355,"column":32},"end":{"line":455,"column":35}},"161":{"start":{"line":356,"column":36},"end":{"line":356,"column":90}},"162":{"start":{"line":357,"column":36},"end":{"line":357,"column":97}},"163":{"start":{"line":358,"column":36},"end":{"line":362,"column":37}},"164":{"start":{"line":359,"column":40},"end":{"line":359,"column":66}},"165":{"start":{"line":361,"column":40},"end":{"line":361,"column":67}},"166":{"start":{"line":364,"column":36},"end":{"line":364,"column":69}},"167":{"start":{"line":365,"column":36},"end":{"line":370,"column":37}},"168":{"start":{"line":366,"column":40},"end":{"line":369,"column":41}},"169":{"start":{"line":366,"column":53},"end":{"line":366,"column":54}},"170":{"start":{"line":367,"column":54},"end":{"line":367,"column":61}},"171":{"start":{"line":368,"column":44},"end":{"line":368,"column":72}},"172":{"start":{"line":372,"column":36},"end":{"line":372,"column":74}},"173":{"start":{"line":373,"column":36},"end":{"line":384,"column":37}},"174":{"start":{"line":374,"column":40},"end":{"line":383,"column":41}},"175":{"start":{"line":374,"column":53},"end":{"line":374,"column":54}},"176":{"start":{"line":375,"column":65},"end":{"line":375,"column":82}},"177":{"start":{"line":376,"column":68},"end":{"line":376,"column":88}},"178":{"start":{"line":377,"column":54},"end":{"line":381,"column":45}},"179":{"start":{"line":382,"column":44},"end":{"line":382,"column":70}},"180":{"start":{"line":386,"column":36},"end":{"line":386,"column":78}},"181":{"start":{"line":388,"column":36},"end":{"line":409,"column":37}},"182":{"start":{"line":389,"column":40},"end":{"line":408,"column":41}},"183":{"start":{"line":389,"column":53},"end":{"line":389,"column":54}},"184":{"start":{"line":390,"column":72},"end":{"line":390,"column":96}},"185":{"start":{"line":391,"column":67},"end":{"line":391,"column":86}},"186":{"start":{"line":392,"column":67},"end":{"line":392,"column":89}},"187":{"start":{"line":393,"column":71},"end":{"line":393,"column":94}},"188":{"start":{"line":394,"column":70},"end":{"line":394,"column":92}},"189":{"start":{"line":396,"column":56},"end":{"line":406,"column":45}},"190":{"start":{"line":407,"column":44},"end":{"line":407,"column":75}},"191":{"start":{"line":411,"column":55},"end":{"line":411,"column":84}},"192":{"start":{"line":412,"column":36},"end":{"line":426,"column":37}},"193":{"start":{"line":413,"column":40},"end":{"line":425,"column":41}},"194":{"start":{"line":413,"column":53},"end":{"line":413,"column":54}},"195":{"start":{"line":414,"column":69},"end":{"line":414,"column":92}},"196":{"start":{"line":415,"column":73},"end":{"line":415,"column":97}},"197":{"start":{"line":416,"column":72},"end":{"line":416,"column":95}},"198":{"start":{"line":418,"column":62},"end":{"line":423,"column":45}},"199":{"start":{"line":424,"column":44},"end":{"line":424,"column":78}},"200":{"start":{"line":428,"column":36},"end":{"line":428,"column":88}},"201":{"start":{"line":429,"column":53},"end":{"line":429,"column":85}},"202":{"start":{"line":430,"column":36},"end":{"line":430,"column":72}},"203":{"start":{"line":431,"column":36},"end":{"line":431,"column":57}},"204":{"start":{"line":432,"column":36},"end":{"line":432,"column":58}},"205":{"start":{"line":433,"column":36},"end":{"line":433,"column":79}},"206":{"start":{"line":437,"column":36},"end":{"line":449,"column":37}},"207":{"start":{"line":439,"column":44},"end":{"line":439,"column":65}},"208":{"start":{"line":440,"column":40},"end":{"line":440,"column":110}},"209":{"start":{"line":442,"column":40},"end":{"line":442,"column":71}},"210":{"start":{"line":443,"column":40},"end":{"line":447,"column":41}},"211":{"start":{"line":444,"column":44},"end":{"line":444,"column":78}},"212":{"start":{"line":446,"column":44},"end":{"line":446,"column":76}},"213":{"start":{"line":448,"column":40},"end":{"line":448,"column":68}},"214":{"start":{"line":452,"column":36},"end":{"line":452,"column":57}},"215":{"start":{"line":453,"column":36},"end":{"line":453,"column":53}},"216":{"start":{"line":454,"column":36},"end":{"line":454,"column":106}},"217":{"start":{"line":458,"column":28},"end":{"line":458,"column":49}},"218":{"start":{"line":459,"column":28},"end":{"line":459,"column":98}},"219":{"start":{"line":462,"column":24},"end":{"line":462,"column":45}},"220":{"start":{"line":463,"column":24},"end":{"line":463,"column":94}},"221":{"start":{"line":475,"column":12},"end":{"line":475,"column":33}},"222":{"start":{"line":476,"column":12},"end":{"line":476,"column":82}},"223":{"start":{"line":483,"column":0},"end":{"line":485,"column":3}},"224":{"start":{"line":484,"column":4},"end":{"line":484,"column":32}},"225":{"start":{"line":492,"column":0},"end":{"line":724,"column":3}},"226":{"start":{"line":494,"column":8},"end":{"line":494,"column":38}},"227":{"start":{"line":497,"column":8},"end":{"line":528,"column":11}},"228":{"start":{"line":499,"column":26},"end":{"line":499,"column":36}},"229":{"start":{"line":501,"column":12},"end":{"line":505,"column":13}},"230":{"start":{"line":501,"column":25},"end":{"line":501,"column":26}},"231":{"start":{"line":502,"column":16},"end":{"line":504,"column":17}},"232":{"start":{"line":503,"column":20},"end":{"line":503,"column":54}},"233":{"start":{"line":507,"column":31},"end":{"line":507,"column":36}},"234":{"start":{"line":508,"column":12},"end":{"line":513,"column":13}},"235":{"start":{"line":508,"column":25},"end":{"line":508,"column":26}},"236":{"start":{"line":509,"column":16},"end":{"line":512,"column":17}},"237":{"start":{"line":510,"column":20},"end":{"line":510,"column":40}},"238":{"start":{"line":511,"column":20},"end":{"line":511,"column":26}},"239":{"start":{"line":515,"column":12},"end":{"line":525,"column":13}},"240":{"start":{"line":516,"column":26},"end":{"line":519,"column":17}},"241":{"start":{"line":521,"column":16},"end":{"line":521,"column":41}},"242":{"start":{"line":522,"column":16},"end":{"line":522,"column":54}},"243":{"start":{"line":524,"column":16},"end":{"line":524,"column":54}},"244":{"start":{"line":531,"column":8},"end":{"line":534,"column":11}},"245":{"start":{"line":532,"column":31},"end":{"line":532,"column":50}},"246":{"start":{"line":533,"column":12},"end":{"line":533,"column":37}},"247":{"start":{"line":537,"column":8},"end":{"line":539,"column":11}},"248":{"start":{"line":538,"column":12},"end":{"line":538,"column":39}},"249":{"start":{"line":542,"column":8},"end":{"line":597,"column":11}},"250":{"start":{"line":544,"column":12},"end":{"line":544,"column":27}},"251":{"start":{"line":546,"column":23},"end":{"line":546,"column":52}},"252":{"start":{"line":548,"column":12},"end":{"line":548,"column":61}},"253":{"start":{"line":549,"column":12},"end":{"line":549,"column":74}},"254":{"start":{"line":550,"column":12},"end":{"line":550,"column":75}},"255":{"start":{"line":551,"column":12},"end":{"line":551,"column":81}},"256":{"start":{"line":552,"column":12},"end":{"line":552,"column":66}},"257":{"start":{"line":554,"column":12},"end":{"line":559,"column":13}},"258":{"start":{"line":554,"column":25},"end":{"line":554,"column":26}},"259":{"start":{"line":555,"column":27},"end":{"line":555,"column":42}},"260":{"start":{"line":556,"column":16},"end":{"line":556,"column":80}},"261":{"start":{"line":557,"column":16},"end":{"line":557,"column":86}},"262":{"start":{"line":558,"column":16},"end":{"line":558,"column":41}},"263":{"start":{"line":561,"column":12},"end":{"line":563,"column":13}},"264":{"start":{"line":561,"column":25},"end":{"line":561,"column":26}},"265":{"start":{"line":562,"column":27},"end":{"line":562,"column":81}},"266":{"start":{"line":565,"column":12},"end":{"line":573,"column":13}},"267":{"start":{"line":565,"column":25},"end":{"line":565,"column":26}},"268":{"start":{"line":566,"column":27},"end":{"line":566,"column":44}},"269":{"start":{"line":567,"column":16},"end":{"line":567,"column":93}},"270":{"start":{"line":568,"column":16},"end":{"line":568,"column":89}},"271":{"start":{"line":569,"column":16},"end":{"line":569,"column":83}},"272":{"start":{"line":570,"column":16},"end":{"line":570,"column":83}},"273":{"start":{"line":571,"column":16},"end":{"line":571,"column":91}},"274":{"start":{"line":572,"column":16},"end":{"line":572,"column":41}},"275":{"start":{"line":575,"column":12},"end":{"line":581,"column":13}},"276":{"start":{"line":575,"column":25},"end":{"line":575,"column":26}},"277":{"start":{"line":576,"column":27},"end":{"line":576,"column":46}},"278":{"start":{"line":577,"column":16},"end":{"line":577,"column":86}},"279":{"start":{"line":578,"column":16},"end":{"line":578,"column":80}},"280":{"start":{"line":579,"column":16},"end":{"line":579,"column":88}},"281":{"start":{"line":580,"column":16},"end":{"line":580,"column":41}},"282":{"start":{"line":583,"column":22},"end":{"line":583,"column":46}},"283":{"start":{"line":585,"column":12},"end":{"line":587,"column":13}},"284":{"start":{"line":586,"column":16},"end":{"line":586,"column":63}},"285":{"start":{"line":589,"column":12},"end":{"line":596,"column":15}},"286":{"start":{"line":590,"column":16},"end":{"line":592,"column":17}},"287":{"start":{"line":591,"column":20},"end":{"line":591,"column":44}},"288":{"start":{"line":594,"column":16},"end":{"line":594,"column":46}},"289":{"start":{"line":595,"column":16},"end":{"line":595,"column":40}},"290":{"start":{"line":599,"column":8},"end":{"line":602,"column":11}},"291":{"start":{"line":600,"column":12},"end":{"line":600,"column":49}},"292":{"start":{"line":601,"column":12},"end":{"line":601,"column":40}},"293":{"start":{"line":604,"column":8},"end":{"line":609,"column":11}},"294":{"start":{"line":605,"column":12},"end":{"line":605,"column":36}},"295":{"start":{"line":606,"column":12},"end":{"line":606,"column":31}},"296":{"start":{"line":607,"column":12},"end":{"line":607,"column":43}},"297":{"start":{"line":608,"column":12},"end":{"line":608,"column":40}},"298":{"start":{"line":611,"column":8},"end":{"line":614,"column":11}},"299":{"start":{"line":612,"column":12},"end":{"line":612,"column":49}},"300":{"start":{"line":613,"column":12},"end":{"line":613,"column":40}},"301":{"start":{"line":617,"column":8},"end":{"line":626,"column":11}},"302":{"start":{"line":618,"column":12},"end":{"line":625,"column":13}},"303":{"start":{"line":618,"column":25},"end":{"line":618,"column":26}},"304":{"start":{"line":619,"column":16},"end":{"line":619,"column":44}},"305":{"start":{"line":620,"column":16},"end":{"line":624,"column":17}},"306":{"start":{"line":621,"column":20},"end":{"line":623,"column":21}},"307":{"start":{"line":622,"column":24},"end":{"line":622,"column":47}},"308":{"start":{"line":632,"column":8},"end":{"line":634,"column":11}},"309":{"start":{"line":633,"column":12},"end":{"line":633,"column":32}},"310":{"start":{"line":640,"column":8},"end":{"line":659,"column":11}},"311":{"start":{"line":641,"column":34},"end":{"line":645,"column":13}},"312":{"start":{"line":649,"column":20},"end":{"line":649,"column":30}},"313":{"start":{"line":650,"column":23},"end":{"line":650,"column":48}},"314":{"start":{"line":651,"column":26},"end":{"line":656,"column":13}},"315":{"start":{"line":657,"column":12},"end":{"line":657,"column":46}},"316":{"start":{"line":658,"column":12},"end":{"line":658,"column":50}},"317":{"start":{"line":661,"column":8},"end":{"line":681,"column":11}},"318":{"start":{"line":663,"column":24},"end":{"line":663,"column":53}},"319":{"start":{"line":664,"column":26},"end":{"line":664,"column":45}},"320":{"start":{"line":666,"column":31},"end":{"line":666,"column":51}},"321":{"start":{"line":667,"column":12},"end":{"line":679,"column":13}},"322":{"start":{"line":667,"column":25},"end":{"line":667,"column":26}},"323":{"start":{"line":668,"column":16},"end":{"line":678,"column":17}},"324":{"start":{"line":669,"column":20},"end":{"line":674,"column":23}},"325":{"start":{"line":675,"column":20},"end":{"line":675,"column":83}},"326":{"start":{"line":676,"column":20},"end":{"line":676,"column":55}},"327":{"start":{"line":677,"column":20},"end":{"line":677,"column":48}},"328":{"start":{"line":683,"column":8},"end":{"line":696,"column":11}},"329":{"start":{"line":684,"column":24},"end":{"line":684,"column":52}},"330":{"start":{"line":685,"column":26},"end":{"line":685,"column":45}},"331":{"start":{"line":688,"column":12},"end":{"line":692,"column":13}},"332":{"start":{"line":688,"column":25},"end":{"line":688,"column":26}},"333":{"start":{"line":689,"column":16},"end":{"line":691,"column":17}},"334":{"start":{"line":690,"column":20},"end":{"line":690,"column":76}},"335":{"start":{"line":694,"column":12},"end":{"line":694,"column":46}},"336":{"start":{"line":698,"column":8},"end":{"line":701,"column":11}},"337":{"start":{"line":699,"column":41},"end":{"line":699,"column":60}},"338":{"start":{"line":700,"column":12},"end":{"line":700,"column":66}},"339":{"start":{"line":704,"column":8},"end":{"line":717,"column":11}},"340":{"start":{"line":705,"column":12},"end":{"line":705,"column":41}},"341":{"start":{"line":706,"column":12},"end":{"line":715,"column":13}},"342":{"start":{"line":707,"column":27},"end":{"line":707,"column":34}},"343":{"start":{"line":708,"column":16},"end":{"line":708,"column":55}},"344":{"start":{"line":709,"column":16},"end":{"line":709,"column":41}},"345":{"start":{"line":710,"column":16},"end":{"line":710,"column":50}},"346":{"start":{"line":711,"column":16},"end":{"line":711,"column":39}},"347":{"start":{"line":712,"column":16},"end":{"line":712,"column":59}},"348":{"start":{"line":714,"column":16},"end":{"line":714,"column":43}},"349":{"start":{"line":716,"column":12},"end":{"line":716,"column":37}},"350":{"start":{"line":719,"column":8},"end":{"line":722,"column":11}},"351":{"start":{"line":720,"column":12},"end":{"line":720,"column":40}},"352":{"start":{"line":721,"column":12},"end":{"line":721,"column":38}},"353":{"start":{"line":727,"column":4},"end":{"line":734,"column":7}},"354":{"start":{"line":729,"column":8},"end":{"line":729,"column":56}},"355":{"start":{"line":730,"column":19},"end":{"line":730,"column":29}},"356":{"start":{"line":731,"column":29},"end":{"line":731,"column":39}},"357":{"start":{"line":732,"column":8},"end":{"line":732,"column":46}},"358":{"start":{"line":733,"column":8},"end":{"line":733,"column":58}},"359":{"start":{"line":739,"column":23},"end":{"line":739,"column":56}},"360":{"start":{"line":740,"column":18},"end":{"line":740,"column":52}},"361":{"start":{"line":741,"column":18},"end":{"line":741,"column":59}},"362":{"start":{"line":742,"column":16},"end":{"line":742,"column":62}},"363":{"start":{"line":744,"column":4},"end":{"line":744,"column":47}},"364":{"start":{"line":745,"column":4},"end":{"line":745,"column":55}},"365":{"start":{"line":746,"column":4},"end":{"line":746,"column":55}},"366":{"start":{"line":748,"column":4},"end":{"line":748,"column":57}},"367":{"start":{"line":752,"column":21},"end":{"line":752,"column":39}},"368":{"start":{"line":753,"column":16},"end":{"line":757,"column":5}},"369":{"start":{"line":758,"column":18},"end":{"line":758,"column":39}},"370":{"start":{"line":759,"column":13},"end":{"line":759,"column":26}},"371":{"start":{"line":761,"column":18},"end":{"line":761,"column":176}},"372":{"start":{"line":763,"column":4},"end":{"line":763,"column":37}},"373":{"start":{"line":766,"column":25},"end":{"line":766,"column":35}},"374":{"start":{"line":767,"column":28},"end":{"line":767,"column":115}},"375":{"start":{"line":768,"column":19},"end":{"line":768,"column":37}},"376":{"start":{"line":769,"column":28},"end":{"line":769,"column":46}},"377":{"start":{"line":772,"column":22},"end":{"line":772,"column":24}},"378":{"start":{"line":773,"column":4},"end":{"line":787,"column":5}},"379":{"start":{"line":773,"column":14},"end":{"line":773,"column":15}},"380":{"start":{"line":774,"column":30},"end":{"line":781,"column":9}},"381":{"start":{"line":782,"column":22},"end":{"line":785,"column":9}},"382":{"start":{"line":786,"column":8},"end":{"line":786,"column":34}},"383":{"start":{"line":791,"column":4},"end":{"line":844,"column":5}},"384":{"start":{"line":791,"column":14},"end":{"line":791,"column":15}},"385":{"start":{"line":792,"column":8},"end":{"line":842,"column":9}},"386":{"start":{"line":792,"column":18},"end":{"line":792,"column":19}},"387":{"start":{"line":794,"column":12},"end":{"line":841,"column":13}},"388":{"start":{"line":796,"column":32},"end":{"line":796,"column":58}},"389":{"start":{"line":797,"column":32},"end":{"line":797,"column":63}},"390":{"start":{"line":798,"column":24},"end":{"line":798,"column":50}},"391":{"start":{"line":799,"column":24},"end":{"line":799,"column":50}},"392":{"start":{"line":800,"column":24},"end":{"line":800,"column":50}},"393":{"start":{"line":802,"column":40},"end":{"line":802,"column":57}},"394":{"start":{"line":803,"column":30},"end":{"line":803,"column":59}},"395":{"start":{"line":804,"column":31},"end":{"line":804,"column":33}},"396":{"start":{"line":805,"column":36},"end":{"line":805,"column":38}},"397":{"start":{"line":806,"column":35},"end":{"line":806,"column":37}},"398":{"start":{"line":808,"column":16},"end":{"line":817,"column":17}},"399":{"start":{"line":808,"column":28},"end":{"line":808,"column":29}},"400":{"start":{"line":809,"column":20},"end":{"line":809,"column":78}},"401":{"start":{"line":810,"column":42},"end":{"line":810,"column":81}},"402":{"start":{"line":811,"column":38},"end":{"line":811,"column":73}},"403":{"start":{"line":814,"column":40},"end":{"line":814,"column":62}},"404":{"start":{"line":815,"column":20},"end":{"line":815,"column":54}},"405":{"start":{"line":816,"column":20},"end":{"line":816,"column":87}},"406":{"start":{"line":820,"column":16},"end":{"line":837,"column":17}},"407":{"start":{"line":821,"column":44},"end":{"line":821,"column":46}},"408":{"start":{"line":822,"column":20},"end":{"line":822,"column":54}},"409":{"start":{"line":823,"column":20},"end":{"line":823,"column":86}},"410":{"start":{"line":825,"column":40},"end":{"line":825,"column":42}},"411":{"start":{"line":826,"column":20},"end":{"line":826,"column":50}},"412":{"start":{"line":827,"column":20},"end":{"line":827,"column":83}},"413":{"start":{"line":829,"column":44},"end":{"line":829,"column":46}},"414":{"start":{"line":830,"column":20},"end":{"line":830,"column":54}},"415":{"start":{"line":831,"column":20},"end":{"line":831,"column":89}},"416":{"start":{"line":834,"column":20},"end":{"line":834,"column":82}},"417":{"start":{"line":835,"column":20},"end":{"line":835,"column":78}},"418":{"start":{"line":836,"column":20},"end":{"line":836,"column":84}},"419":{"start":{"line":838,"column":16},"end":{"line":838,"column":67}},"420":{"start":{"line":839,"column":16},"end":{"line":839,"column":79}},"421":{"start":{"line":840,"column":16},"end":{"line":840,"column":74}},"422":{"start":{"line":849,"column":31},"end":{"line":849,"column":33}},"423":{"start":{"line":850,"column":4},"end":{"line":878,"column":5}},"424":{"start":{"line":850,"column":14},"end":{"line":850,"column":15}},"425":{"start":{"line":851,"column":31},"end":{"line":851,"column":33}},"426":{"start":{"line":852,"column":8},"end":{"line":868,"column":9}},"427":{"start":{"line":852,"column":18},"end":{"line":852,"column":19}},"428":{"start":{"line":854,"column":29},"end":{"line":854,"column":73}},"429":{"start":{"line":855,"column":32},"end":{"line":855,"column":79}},"430":{"start":{"line":856,"column":13},"end":{"line":867,"column":13}},"431":{"start":{"line":857,"column":39},"end":{"line":857,"column":70}},"432":{"start":{"line":858,"column":42},"end":{"line":859,"column":60}},"433":{"start":{"line":861,"column":35},"end":{"line":861,"column":122}},"434":{"start":{"line":862,"column":38},"end":{"line":862,"column":134}},"435":{"start":{"line":863,"column":28},"end":{"line":863,"column":56}},"436":{"start":{"line":864,"column":16},"end":{"line":864,"column":45}},"437":{"start":{"line":865,"column":16},"end":{"line":865,"column":42}},"438":{"start":{"line":866,"column":16},"end":{"line":866,"column":45}},"439":{"start":{"line":870,"column":27},"end":{"line":870,"column":28}},"440":{"start":{"line":871,"column":8},"end":{"line":873,"column":9}},"441":{"start":{"line":871,"column":18},"end":{"line":871,"column":19}},"442":{"start":{"line":872,"column":12},"end":{"line":872,"column":48}},"443":{"start":{"line":874,"column":8},"end":{"line":874,"column":62}},"444":{"start":{"line":876,"column":28},"end":{"line":876,"column":55}},"445":{"start":{"line":877,"column":8},"end":{"line":877,"column":49}},"446":{"start":{"line":880,"column":25},"end":{"line":880,"column":29}},"447":{"start":{"line":881,"column":4},"end":{"line":910,"column":5}},"448":{"start":{"line":881,"column":14},"end":{"line":881,"column":15}},"449":{"start":{"line":882,"column":8},"end":{"line":882,"column":63}},"450":{"start":{"line":884,"column":8},"end":{"line":888,"column":9}},"451":{"start":{"line":885,"column":12},"end":{"line":885,"column":67}},"452":{"start":{"line":887,"column":12},"end":{"line":887,"column":91}},"453":{"start":{"line":890,"column":8},"end":{"line":909,"column":9}},"454":{"start":{"line":890,"column":18},"end":{"line":890,"column":19}},"455":{"start":{"line":891,"column":12},"end":{"line":891,"column":89}},"456":{"start":{"line":892,"column":12},"end":{"line":892,"column":92}},"457":{"start":{"line":894,"column":12},"end":{"line":906,"column":13}},"458":{"start":{"line":894,"column":22},"end":{"line":894,"column":23}},"459":{"start":{"line":895,"column":28},"end":{"line":895,"column":73}},"460":{"start":{"line":897,"column":16},"end":{"line":900,"column":17}},"461":{"start":{"line":898,"column":20},"end":{"line":898,"column":78}},"462":{"start":{"line":899,"column":20},"end":{"line":899,"column":26}},"463":{"start":{"line":902,"column":16},"end":{"line":902,"column":107}},"464":{"start":{"line":903,"column":16},"end":{"line":903,"column":114}},"465":{"start":{"line":904,"column":16},"end":{"line":904,"column":106}},"466":{"start":{"line":907,"column":12},"end":{"line":907,"column":37}},"467":{"start":{"line":908,"column":12},"end":{"line":908,"column":38}},"468":{"start":{"line":912,"column":32},"end":{"line":912,"column":34}},"469":{"start":{"line":914,"column":4},"end":{"line":922,"column":5}},"470":{"start":{"line":915,"column":8},"end":{"line":915,"column":68}},"471":{"start":{"line":916,"column":8},"end":{"line":920,"column":9}},"472":{"start":{"line":916,"column":20},"end":{"line":916,"column":21}},"473":{"start":{"line":917,"column":12},"end":{"line":919,"column":13}},"474":{"start":{"line":918,"column":16},"end":{"line":918,"column":135}},"475":{"start":{"line":921,"column":8},"end":{"line":921,"column":41}},"476":{"start":{"line":924,"column":24},"end":{"line":966,"column":5}},"477":{"start":{"line":968,"column":18},"end":{"line":970,"column":5}},"478":{"start":{"line":972,"column":17},"end":{"line":972,"column":69}},"479":{"start":{"line":974,"column":22},"end":{"line":974,"column":58}},"480":{"start":{"line":975,"column":4},"end":{"line":975,"column":29}},"481":{"start":{"line":977,"column":4},"end":{"line":979,"column":7}},"482":{"start":{"line":978,"column":8},"end":{"line":978,"column":26}},"483":{"start":{"line":981,"column":4},"end":{"line":981,"column":17}}},"fnMap":{"0":{"name":"(anonymous_0)","decl":{"start":{"line":38,"column":22},"end":{"line":38,"column":23}},"loc":{"start":{"line":38,"column":34},"end":{"line":40,"column":5}},"line":38},"1":{"name":"(anonymous_1)","decl":{"start":{"line":90,"column":13},"end":{"line":90,"column":14}},"loc":{"start":{"line":90,"column":33},"end":{"line":92,"column":1}},"line":90},"2":{"name":"(anonymous_2)","decl":{"start":{"line":95,"column":22},"end":{"line":95,"column":23}},"loc":{"start":{"line":95,"column":42},"end":{"line":97,"column":1}},"line":95},"3":{"name":"(anonymous_3)","decl":{"start":{"line":103,"column":30},"end":{"line":103,"column":31}},"loc":{"start":{"line":103,"column":50},"end":{"line":105,"column":1}},"line":103},"4":{"name":"(anonymous_4)","decl":{"start":{"line":107,"column":22},"end":{"line":107,"column":23}},"loc":{"start":{"line":107,"column":42},"end":{"line":109,"column":1}},"line":107},"5":{"name":"(anonymous_5)","decl":{"start":{"line":111,"column":32},"end":{"line":111,"column":33}},"loc":{"start":{"line":111,"column":52},"end":{"line":115,"column":1}},"line":111},"6":{"name":"(anonymous_6)","decl":{"start":{"line":117,"column":28},"end":{"line":117,"column":29}},"loc":{"start":{"line":117,"column":48},"end":{"line":119,"column":1}},"line":117},"7":{"name":"(anonymous_7)","decl":{"start":{"line":121,"column":26},"end":{"line":121,"column":27}},"loc":{"start":{"line":121,"column":46},"end":{"line":125,"column":1}},"line":121},"8":{"name":"(anonymous_8)","decl":{"start":{"line":127,"column":16},"end":{"line":127,"column":17}},"loc":{"start":{"line":127,"column":36},"end":{"line":130,"column":1}},"line":127},"9":{"name":"(anonymous_9)","decl":{"start":{"line":132,"column":27},"end":{"line":132,"column":28}},"loc":{"start":{"line":132,"column":47},"end":{"line":134,"column":1}},"line":132},"10":{"name":"(anonymous_10)","decl":{"start":{"line":136,"column":18},"end":{"line":136,"column":19}},"loc":{"start":{"line":136,"column":38},"end":{"line":138,"column":1}},"line":136},"11":{"name":"(anonymous_11)","decl":{"start":{"line":140,"column":17},"end":{"line":140,"column":18}},"loc":{"start":{"line":140,"column":37},"end":{"line":142,"column":1}},"line":140},"12":{"name":"(anonymous_12)","decl":{"start":{"line":144,"column":26},"end":{"line":144,"column":27}},"loc":{"start":{"line":144,"column":46},"end":{"line":157,"column":1}},"line":144},"13":{"name":"(anonymous_13)","decl":{"start":{"line":147,"column":98},"end":{"line":147,"column":99}},"loc":{"start":{"line":147,"column":113},"end":{"line":155,"column":5}},"line":147},"14":{"name":"(anonymous_14)","decl":{"start":{"line":160,"column":27},"end":{"line":160,"column":28}},"loc":{"start":{"line":160,"column":47},"end":{"line":162,"column":1}},"line":160},"15":{"name":"(anonymous_15)","decl":{"start":{"line":164,"column":56},"end":{"line":164,"column":57}},"loc":{"start":{"line":164,"column":82},"end":{"line":191,"column":1}},"line":164},"16":{"name":"(anonymous_16)","decl":{"start":{"line":178,"column":83},"end":{"line":178,"column":84}},"loc":{"start":{"line":178,"column":98},"end":{"line":186,"column":9}},"line":178},"17":{"name":"(anonymous_17)","decl":{"start":{"line":193,"column":61},"end":{"line":193,"column":62}},"loc":{"start":{"line":193,"column":87},"end":{"line":217,"column":1}},"line":193},"18":{"name":"(anonymous_18)","decl":{"start":{"line":204,"column":81},"end":{"line":204,"column":82}},"loc":{"start":{"line":204,"column":96},"end":{"line":212,"column":9}},"line":204},"19":{"name":"(anonymous_19)","decl":{"start":{"line":219,"column":58},"end":{"line":219,"column":59}},"loc":{"start":{"line":219,"column":84},"end":{"line":243,"column":1}},"line":219},"20":{"name":"(anonymous_20)","decl":{"start":{"line":230,"column":91},"end":{"line":230,"column":92}},"loc":{"start":{"line":230,"column":106},"end":{"line":238,"column":9}},"line":230},"21":{"name":"(anonymous_21)","decl":{"start":{"line":245,"column":26},"end":{"line":245,"column":27}},"loc":{"start":{"line":245,"column":46},"end":{"line":253,"column":1}},"line":245},"22":{"name":"(anonymous_22)","decl":{"start":{"line":246,"column":22},"end":{"line":246,"column":23}},"loc":{"start":{"line":246,"column":34},"end":{"line":251,"column":5}},"line":246},"23":{"name":"(anonymous_23)","decl":{"start":{"line":247,"column":98},"end":{"line":247,"column":99}},"loc":{"start":{"line":247,"column":112},"end":{"line":250,"column":9}},"line":247},"24":{"name":"clearGeneratedScenario","decl":{"start":{"line":256,"column":9},"end":{"line":256,"column":31}},"loc":{"start":{"line":256,"column":34},"end":{"line":260,"column":1}},"line":256},"25":{"name":"(anonymous_25)","decl":{"start":{"line":257,"column":45},"end":{"line":257,"column":46}},"loc":{"start":{"line":257,"column":57},"end":{"line":259,"column":5}},"line":257},"26":{"name":"clearSimData","decl":{"start":{"line":263,"column":9},"end":{"line":263,"column":21}},"loc":{"start":{"line":263,"column":24},"end":{"line":288,"column":1}},"line":263},"27":{"name":"processZip","decl":{"start":{"line":290,"column":9},"end":{"line":290,"column":19}},"loc":{"start":{"line":290,"column":36},"end":{"line":480,"column":1}},"line":290},"28":{"name":"(anonymous_28)","decl":{"start":{"line":298,"column":49},"end":{"line":298,"column":50}},"loc":{"start":{"line":298,"column":61},"end":{"line":478,"column":5}},"line":298},"29":{"name":"(anonymous_29)","decl":{"start":{"line":312,"column":82},"end":{"line":312,"column":83}},"loc":{"start":{"line":312,"column":97},"end":{"line":466,"column":13}},"line":312},"30":{"name":"(anonymous_30)","decl":{"start":{"line":326,"column":120},"end":{"line":326,"column":121}},"loc":{"start":{"line":326,"column":135},"end":{"line":465,"column":17}},"line":326},"31":{"name":"(anonymous_31)","decl":{"start":{"line":331,"column":89},"end":{"line":331,"column":90}},"loc":{"start":{"line":331,"column":98},"end":{"line":334,"column":25}},"line":331},"32":{"name":"(anonymous_32)","decl":{"start":{"line":350,"column":95},"end":{"line":350,"column":96}},"loc":{"start":{"line":350,"column":116},"end":{"line":456,"column":29}},"line":350},"33":{"name":"(anonymous_33)","decl":{"start":{"line":355,"column":69},"end":{"line":355,"column":70}},"loc":{"start":{"line":355,"column":87},"end":{"line":451,"column":33}},"line":355},"34":{"name":"(anonymous_34)","decl":{"start":{"line":451,"column":41},"end":{"line":451,"column":42}},"loc":{"start":{"line":451,"column":56},"end":{"line":455,"column":33}},"line":451},"35":{"name":"(anonymous_35)","decl":{"start":{"line":483,"column":20},"end":{"line":483,"column":21}},"loc":{"start":{"line":483,"column":40},"end":{"line":485,"column":1}},"line":483},"36":{"name":"(anonymous_36)","decl":{"start":{"line":492,"column":20},"end":{"line":492,"column":21}},"loc":{"start":{"line":492,"column":38},"end":{"line":724,"column":1}},"line":492},"37":{"name":"(anonymous_37)","decl":{"start":{"line":497,"column":26},"end":{"line":497,"column":27}},"loc":{"start":{"line":497,"column":41},"end":{"line":528,"column":9}},"line":497},"38":{"name":"(anonymous_38)","decl":{"start":{"line":531,"column":37},"end":{"line":531,"column":38}},"loc":{"start":{"line":531,"column":62},"end":{"line":534,"column":9}},"line":531},"39":{"name":"(anonymous_39)","decl":{"start":{"line":537,"column":34},"end":{"line":537,"column":35}},"loc":{"start":{"line":537,"column":59},"end":{"line":539,"column":9}},"line":537},"40":{"name":"(anonymous_40)","decl":{"star
[...]
rt":{"line":726,"column":9},"end":{"line":726,"column":15}},"loc":{"start":{"line":726,"column":18},"end":{"line":736,"column":1}},"line":726},"54":{"name":"(anonymous_54)","decl":{"start":{"line":727,"column":25},"end":{"line":727,"column":26}},"loc":{"start":{"line":727,"column":34},"end":{"line":734,"column":5}},"line":727},"55":{"name":"msToTime","decl":{"start":{"line":738,"column":9},"end":{"line":738,"column":17}},"loc":{"start":{"line":738,"column":28},"end":{"line":749,"column":1}},"line":738},"56":{"name":"GenerateReviewPDF","decl":{"start":{"line":751,"column":9},"end":{"line":751,"column":26}},"loc":{"start":{"line":751,"column":44},"end":{"line":983,"column":1}},"line":751},"57":{"name":"(anonymous_57)","decl":{"start":{"line":977,"column":28},"end":{"line":977,"column":29}},"loc":{"start":{"line":977,"column":39},"end":{"line":979,"column":5}},"line":977}},"branchMap":{"0":{"loc":{"start":{"line":27,"column":13},"end":{"line":27,"column":35}},"type":"binary-expr","locations":[{"start":{"line":27,"column":13},"end":{"line":27,"column":29}},{"start":{"line":27,"column":33},"end":{"line":27,"column":35}}],"line":27},"1":{"loc":{"start":{"line":75,"column":0},"end":{"line":77,"column":1}},"type":"if","locations":[{"start":{"line":75,"column":0},"end":{"line":77,"column":1}},{"start":{"line":75,"column":0},"end":{"line":77,"column":1}}],"line":75},"2":{"loc":{"start":{"line":75,"column":4},"end":{"line":75,"column":97}},"type":"binary-expr","locations":[{"start":{"line":75,"column":4},"end":{"line":75,"column":35}},{"start":{"line":75,"column":39},"end":{"line":75,"column":79}},{"start":{"line":75,"column":83},"end":{"line":75,"column":97}}],"line":75},"3":{"loc":{"start":{"line":148,"column":8},"end":{"line":154,"column":9}},"type":"if","locations":[{"start":{"line":148,"column":8},"end":{"line":154,"column":9}},{"start":{"line":148,"column":8},"end":{"line":154,"column":9}}],"line":148},"4":{"loc":{"start":{"line":167,"column":4},"end":{"line":190,"column":5}},"type":"if","locations":[{"start":{"line":167,"column":4},"end":{"line":190,"column":5}},{"start":{"line":167,"column":4},"end":{"line":190,"column":5}}],"line":167},"5":{"loc":{"start":{"line":171,"column":8},"end":{"line":173,"column":9}},"type":"if","locations":[{"start":{"line":171,"column":8},"end":{"line":173,"column":9}},{"start":{"line":171,"column":8},"end":{"line":173,"column":9}}],"line":171},"6":{"loc":{"start":{"line":174,"column":8},"end":{"line":176,"column":9}},"type":"if","locations":[{"start":{"line":174,"column":8},"end":{"line":176,"column":9}},{"start":{"line":174,"column":8},"end":{"line":176,"column":9}}],"line":174},"7":{"loc":{"start":{"line":179,"column":12},"end":{"line":185,"column":13}},"type":"if","locations":[{"start":{"line":179,"column":12},"end":{"line":185,"column":13}},{"start":{"line":179,"column":12},"end":{"line":185,"column":13}}],"line":179},"8":{"loc":{"start":{"line":196,"column":4},"end":{"line":216,"column":5}},"type":"if","locations":[{"start":{"line":196,"column":4},"end":{"line":216,"column":5}},{"start":{"line":196,"column":4},"end":{"line":216,"column":5}}],"line":196},"9":{"loc":{"start":{"line":200,"column":8},"end":{"line":202,"column":9}},"type":"if","locations":[{"start":{"line":200,"column":8},"end":{"line":202,"column":9}},{"start":{"line":200,"column":8},"end":{"line":202,"column":9}}],"line":200},"10":{"loc":{"start":{"line":205,"column":12},"end":{"line":211,"column":13}},"type":"if","locations":[{"start":{"line":205,"column":12},"end":{"line":211,"column":13}},{"start":{"line":205,"column":12},"end":{"line":211,"column":13}}],"line":205},"11":{"loc":{"start":{"line":222,"column":4},"end":{"line":242,"column":5}},"type":"if","locations":[{"start":{"line":222,"column":4},"end":{"line":242,"column":5}},{"start":{"line":222,"column":4},"end":{"line":242,"column":5}}],"line":222},"12":{"loc":{"start":{"line":226,"column":8},"end":{"line":228,"column":9}},"type":"if","locations":[{"start":{"line":226,"column":8},"end":{"line":228,"column":9}},{"start":{"line":226,"column":8},"end":{"line":228,"column":9}}],"line":226},"13":{"loc":{"start":{"line":231,"column":12},"end":{"line":237,"column":13}},"type":"if","locations":[{"start":{"line":231,"column":12},"end":{"line":237,"column":13}},{"start":{"line":231,"column":12},"end":{"line":237,"column":13}}],"line":231},"14":{"loc":{"start":{"line":248,"column":12},"end":{"line":248,"column":52}},"type":"if","locations":[{"start":{"line":248,"column":12},"end":{"line":248,"column":52}},{"start":{"line":248,"column":12},"end":{"line":248,"column":52}}],"line":248},"15":{"loc":{"start":{"line":285,"column":4},"end":{"line":287,"column":5}},"type":"if","locations":[{"start":{"line":285,"column":4},"end":{"line":287,"column":5}},{"start":{"line":285,"column":4},"end":{"line":287,"column":5}}],"line":285},"16":{"loc":{"start":{"line":292,"column":4},"end":{"line":296,"column":5}},"type":"if","locations":[{"start":{"line":292,"column":4},"end":{"line":296,"column":5}},{"start":{"line":292,"column":4},"end":{"line":296,"column":5}}],"line":292},"17":{"loc":{"start":{"line":301,"column":8},"end":{"line":477,"column":9}},"type":"if","locations":[{"start":{"line":301,"column":8},"end":{"line":477,"column":9}},{"start":{"line":301,"column":8},"end":{"line":477,"column":9}}],"line":301},"18":{"loc":{"start":{"line":303,"column":12},"end":{"line":306,"column":13}},"type":"if","locations":[{"start":{"line":303,"column":12},"end":{"line":306,"column":13}},{"start":{"line":303,"column":12},"end":{"line":306,"column":13}}],"line":303},"19":{"loc":{"start":{"line":303,"column":16},"end":{"line":303,"column":48}},"type":"binary-expr","locations":[{"start":{"line":303,"column":16},"end":{"line":303,"column":30}},{"start":{"line":303,"column":34},"end":{"line":303,"column":48}}],"line":303},"20":{"loc":{"start":{"line":313,"column":16},"end":{"line":316,"column":17}},"type":"if","locations":[{"start":{"line":313,"column":16},"end":{"line":316,"column":17}},{"start":{"line":313,"column":16},"end":{"line":316,"column":17}}],"line":313},"21":{"loc":{"start":{"line":319,"column":16},"end":{"line":321,"column":17}},"type":"if","locations":[{"start":{"line":319,"column":16},"end":{"line":321,"column":17}},{"start":{"line":319,"column":16},"end":{"line":321,"column":17}}],"line":319},"22":{"loc":{"start":{"line":328,"column":20},"end":{"line":328,"column":63}},"type":"if","locations":[{"start":{"line":328,"column":20},"end":{"line":328,"column":63}},{"start":{"line":328,"column":20},"end":{"line":328,"column":63}}],"line":328},"23":{"loc":{"start":{"line":330,"column":20},"end":{"line":335,"column":21}},"type":"if","locations":[{"start":{"line":330,"column":20},"end":{"line":335,"column":21}},{"start":{"line":330,"column":20},"end":{"line":335,"column":21}}],"line":330},"24":{"loc":{"start":{"line":332,"column":28},"end":{"line":332,"column":47}},"type":"if","locations":[{"start":{"line":332,"column":28},"end":{"line":332,"column":47}},{"start":{"line":332,"column":28},"end":{"line":332,"column":47}}],"line":332},"25":{"loc":{"start":{"line":338,"column":20},"end":{"line":464,"column":21}},"type":"if","locations":[{"start":{"line":338,"column":20},"end":{"line":464,"column":21}},{"start":{"line":338,"column":20},"end":{"line":464,"column":21}}],"line":338},"26":{"loc":{"start":{"line":351,"column":32},"end":{"line":354,"column":33}},"type":"if","locations":[{"start":{"line":351,"column":32},"end":{"line":354,"column":33}},{"start":{"line":351,"column":32},"end":{"line":354,"column":33}}],"line":351},"27":{"loc":{"start":{"line":358,"column":36},"end":{"line":362,"column":37}},"type":"if","locations":[{"start":{"line":358,"column":36},"end":{"line":362,"column":37}},{"start":{"line":358,"column":36},"end":{"line":362,"column":37}}],"line":358},"28":{"loc":{"start":{"line":365,"column":36},"end":{"line":370,"column":37}},"type":"if","locations":[{"start":{"line":365,"column":36},"end":{"line":370,"column":37}},{"start":{"line":365,"column":36},"end":{"line":370,"column":37}}],"line":365},"29":{"loc":{"start":{"line":373,"column":36},"end":{"line":384,"column":37}},"type":"if","locations":[{"start":{"line":373,"column":36},"end":{"line":384,"column":37}},{"start":{"line":373,"column":36},"end":{"line":384,"column":37}}],"line":373},"30":{"loc":{"start":{"line":388,"column":36},"end":{"line":409,"column":37}},"type":"if","locations":[{"start":{"line":388,"column":36},"end":{"line":409,"column":37}},{"start":{"line":388,"column":36},"end":{"line":409,"column":37}}],"line":388},"31":{"loc":{"start":{"line":412,"column":36},"end":{"line":426,"column":37}},"type":"if","locations":[{"start":{"line":412,"column":36},"end":{"line":426,"column":37}},{"start":{"line":412,"column":36},"end":{"line":426,"column":37}}],"line":412},"32":{"loc":{"start":{"line":437,"column":36},"end":{"line":449,"column":37}},"type":"if","locations":[{"start":{"line":437,"column":36},"end":{"line":449,"column":37}},{"start":{"line":437,"column":36},"end":{"line":449,"column":37}}],"line":437},"33":{"loc":{"start":{"line":437,"column":39},"end":{"line":438,"column":138}},"type":"binary-expr","locations":[{"start":{"line":437,"column":39},"end":{"line":437,"column":64}},{"start":{"line":437,"column":68},"end":{"line":437,"column":91}},{"start":{"line":437,"column":95},"end":{"line":437,"column":122}},{"start":{"line":438,"column":43},"end":{"line":438,"column":66}},{"start":{"line":438,"column":70},"end":{"line":438,"column":96}},{"start":{"line":438,"column":100},"end":{"line":438,"column":138}}],"line":437},"34":{"loc":{"start":{"line":443,"column":40},"end":{"line":447,"column":41}},"type":"if","locations":[{"start":{"line":443,"column":40},"end":{"line":447,"column":41}},{"start":{"line":443,"column":40},"end":{"line":447,"column":41}}],"line":443},"35":{"loc":{"start":{"line":502,"column":16},"end":{"line":504,"column":17}},"type":"if","locations":[{"start":{"line":502,"column":16},"end":{"line":504,"column":17}},{"start":{"line":502,"column":16},"end":{"line":504,"column":17}}],"line":502},"36":{"loc":{"start":{"line":509,"column":16},"end":{"line":512,"column":17}},"type":"if","locations":[{"start":{"line":509,"column":16},"end":{"line":512,"column":17}},{"start":{"line":509,"column":16},"end":{"line":512,"column":17}}],"line":509},"37":{"loc":{"start":{"line":515,"column":12},"end":{"line":525,"column":13}},"type":"if","locations":[{"start":{"line":515,"column":12},"end":{"line":525,"column":13}},{"start":{"line":515,"column":12},"end":{"line":525,"column":13}}],"line":515},"38":{"loc":{"start":{"line":515,"column":16},"end":{"line":515,"column":55}},"type":"binary-expr","locations":[{"start":{"line":515,"column":16},"end":{"line":515,"column":29}},{"start":{"line":515,"column":33},"end":{"line":515,"column":55}}],"line":515},"39":{"loc":{"start":{"line":585,"column":12},"end":{"line":587,"column":13}},"type":"if","locations":[{"start":{"line":585,"column":12},"end":{"line":587,"column":13}},{"start":{"line":585,"column":12},"end":{"line":587,"column":13}}],"line":585},"40":{"loc":{"start":{"line":590,"column":16},"end":{"line":592,"column":17}},"type":"if","locations":[{"start":{"line":590,"column":16},"end":{"line":592,"column":17}},{"start":{"line":590,"column":16},"end":{"line":592,"column":17}}],"line":590},"41":{"loc":{"start":{"line":620,"column":16},"end":{"line":624,"column":17}},"type":"if","locations":[{"start":{"line":620,"column":16},"end":{"line":624,"column":17}},{"start":{"line":620,"column":16},"end":{"line":624,"column":17}}],"line":620},"42":{"loc":{"start":{"line":621,"column":20},"end":{"line":623,"column":21}},"type":"if","locations":[{"start":{"line":621,"column":20},"end":{"line":623,"column":21}},{"start":{"line":621,"column":20},"end":{"line":623,"column":21}}],"line":621},"43":{"loc":{"start":{"line":668,"column":16},"end":{"line":678,"column":17}},"type":"if","locations":[{"start":{"line":668,"column":16},"end":{"line":678,"column":17}},{"start":{"line":668,"column":16},"end":{"line":678,"column":17}}],"line":668},"44":{"loc":{"start":{"line":689,"column":16},"end":{"line":691,"column":17}},"type":"if","locations":[{"start":{"line":689,"column":16},"end":{"line":691,"column":17}},{"start":{"line":689,"column":16},"end":{"line":691,"column":17}}],"line":689},"45":{"loc":{"start":{"line":706,"column":12},"end":{"line":715,"column":13}},"type":"if","locations":[{"start":{"line":706,"column":12},"end":{"line":715,"column":13}},{"start":{"line":706,"column":12},"end":{"line":715,"column":13}}],"line":706},"46":{"loc":{"start":{"line":744,"column":12},"end":{"line":744,"column":46}},"type":"cond-expr","locations":[{"start":{"line":744,"column":27},"end":{"line":744,"column":38}},{"start":{"line":744,"column":41},"end":{"line":744,"column":46}}],"line":744},"47":{"loc":{"start":{"line":745,"column":14},"end":{"line":745,"column":54}},"type":"cond-expr","locations":[{"start":{"line":745,"column":31},"end":{"line":745,"column":44}},{"start":{"line":745,"column":47},"end":{"line":745,"column":54}}],"line":745},"48":{"loc":{"start":{"line":746,"column":14},"end":{"line":746,"column":54}},"type":"cond-expr","locations":[{"start":{"line":746,"column":31},"end":{"line":746,"column":44}},{"start":{"line":746,"column":47},"end":{"line":746,"column":54}}],"line":746},"49":{"loc":{"start":{"line":794,"column":12},"end":{"line":841,"column":13}},"type":"if","locations":[{"start":{"line":794,"column":12},"end":{"line":841,"column":13}},{"start":{"line":794,"column":12},"end":{"line":841,"column":13}}],"line":794},"50":{"loc":{"start":{"line":820,"column":16},"end":{"line":837,"column":17}},"type":"if","locations":[{"start":{"line":820,"column":16},"end":{"line":837,"column":17}},{"start":{"line":820,"column":16},"end":{"line":837,"column":17}}],"line":820},"51":{"loc":{"start":{"line":856,"column":13},"end":{"line":867,"column":13}},"type":"if","locations":[{"start":{"line":856,"column":13},"end":{"line":867,"column":13}},{"start":{"line":856,"column":13},"end":{"line":867,"column":13}}],"line":856},"52":{"loc":{"start":{"line":884,"column":8},"end":{"line":888,"column":9}},"type":"if","locations":[{"start":{"line":884,"column":8},"end":{"line":888,"column":9}},{"start":{"line":884,"column":8},"end":{"line":888,"column":9}}],"line":884},"53":{"loc":{"start":{"line":897,"column":16},"end":{"line":900,"column":17}},"type":"if","locations":[{"start":{"line":897,"column":16},"end":{"line":900,"column":17}},{"start":{"line":897,"column":16},"end":{"line":900,"column":17}}],"line":897},"54":{"loc":{"start":{"line":917,"column":12},"end":{"line":919,"column":13}},"type":"if","locations":[{"start":{"line":917,"column":12},"end":{"line":919,"column":13}},{"start":{"line":917,"column":12},"end":{"line":919,"column":13}}],"line":917}},"s":{"0":1,"1":1,"2":1,"3":1,"4":1,"5":1,"6":1,"7":1,"8":1,"9":1,"10":1,"11":1,"12":1,"13":1,"14":1,"15":1,"16":1,"17":1,"18":1,"19":1,"20":1,"21":1,"22":1,"23":1,"24":1,"25":1,"26":1,"27":1,"28":1,"29":1,"30":1,"31":1,"32":1,"33":1,"34":1,"35":0,"36":1,"37":1,"38":1,"39":1,"40":1,"41":1,"42":1,"43":7,"44":1,"45":1,"46":1,"47":1,"48":1,"49":1,"50":1,"51":2,"52":1,"53":1,"54":1,"55":1,"56":1,"57":0,"58":1,"59":1,"60":1,"61":1,"62":1,"63":1,"64":1,"65":0,"66":0,"67":0,"68":0,"69":0,"70":0,"71":1,"72":1,"73":1,"74":0,"75":0,"76":0,"77":0,"78":0,"79":0,"80":0,"81":0,"82":0,"83":0,"84":0,"85":0,"86":0,"87":0,"88":1,"89":0,"90":0,"91":0,"92":0,"93":0,"94":0,"95":0,"96":0,"97":0,"98":0,"99":0,"100":0,"101":1,"102":0,"103":0,"104":0,"105":0,"106":0,"107":0,"108":0,"109":0,"110":0,"111":0,"112":0,"113":0,"114":1,"115":1,"116":1,"117":1,"118":0,"119":1,"120":2,"121":2,"122":17,"123":17,"124":17,"125":17,"126":17,"127":15,"128":1,"129":14,"130":15,"131":15,"132":15,"133":15,"134":0,"135":15,"136":15,"137":15,"138":15,"139":0,"140":0,"141":15,"142":15,"143":15,"144":15,"145":0,"146":15,"147":15,"148":15,"149":0,"150":15,"151":15,"152":14,"153":14,"154":14,"155":14,"156":14,"157":14,"158":0,"159":0,"160":14,"161":13,"162":12,"163":11,"164":11,"165":0,"166":11,"167":11,"168":0,"169":0,"170":0,"171":0,"172":11,"173":11,"174":10,"175":10,"176":78,"177":78,"178":78,"179":78,"180":11,"181":11,"182":10,"183":10,"184":170,"185":170,"186":170,"187":170,"188":170,"189":170,"190":170,"191":11,"192":11,"193":11,"194":11,"195":11,"196":11,"197":11,"198":11,"199":11,"200":11,"201":11,"202":11,"203":11,"204":11,"205":11,"206":11,"207":4,"208":4,"209":7,"210":7,"211":6,"212":1,"213":7,"214":3,"215":3,"216":3,"217":0,"218":0,"219":1,"220":1,"221":0,"222":0,"223":1,"224":14,"225":1,"226":9,"227":9,"228":9,"229":9,"230":9,"231":108,"232":8,"233":9,"234":9,"235":9,"236":32,"237":1,"238":1,"239":9,"240":7,"241":7,"242":7,"243":2,"244":9,"245":1,"246":1,"247":9,"248":1,"249":9,"250":0,"251":0,"252":0,"253":0,"254":0,"255":0,"256":0,"257":0,"258":0,"259":0,"260":0,"261":0,"262":0,"263":0,"264":0,"265":0,"266":0,"267":0,"268":0,"269":0,"270":0,"271":0,"272":0,"273":0,"274":0,"275":0,"276":0,"277":0,"278":0,"279":0,"280":0,"281":0,"282":0,"283":0,"284":0,"285":0,"286":0,"287":0,"288":0,"289":0,"290":9,"291":0,"292":0,"293":9,"294":0,"295":0,"296":0,"297":0,"298":9,"299":0,"300":0,"301":9,"302":1,"303":1,"304":6,"305":6,"306":1,"307":1,"308":9,"309":1,"310":9,"311":1,"312":1,"313":1,"314":1,"315":1,"316":1,"317":9,"318":1,"319":1,"320":1,"321":1,"322":1,"323":17,"324":1,"325":1,"326":1,"327":1,"328":9,"329":1,"330":1,"331":1,"332":1,"333":17,"334":1,"335":1,"336":9,"337":0,"338":0,"339":9,"340":1,"341":1,"342":1,"343":1,"344":1,"345":1,"346":1,"347":1,"348":0,"349":1,"350":9,"351":0,"352":0,"353":1,"354":0,"355":0,"356":0,"357":0,"358":0,"359":13,"360":13,"361":13,"362":13,"363":13,"364":13,"365":13,"366":13,"367":1,"368":1,"369":1,"370":1,"371":1,"372":1,"373":1,"374":1,"375":1,"376":1,"377":1,"378":1,"379":1,"380":12,"381":12,"382":12,"383":1,"384":1,"385":17,"386":17,"387":204,"388":17,"389":17,"390":17,"391":17,"392":17,"393":17,"394":17,"395":17,"396":17,"397":17,"398":17,"399":17,"400":0,"401":0,"402":0,"403":0,"404":0,"405":0,"406":17,"407":17,"408":17,"409":17,"410":17,"411":17,"412":17,"413":17,"414":17,"415":17,"416":0,"417":0,"418":0,"419":17,"420":17,"421":17,"422":1,"423":1,"424":1,"425":12,"426":12,"427":12,"428":17,"429":17,"430":17,"431":0,"432":0,"433":0,"434":0,"435":0,"436":0,"437":0,"438":0,"439":12,"440":12,"441":12,"442":0,"443":12,"444":12,"445":12,"446":1,"447":1,"448":1,"449":12,"450":12,"451":12,"452":0,"453":12,"454":12,"455":17,"456":17,"457":17,"458":17,"459":17,"460":17,"461":17,"462":17,"463":0,"464":0,"465":0,"466":17,"467":17,"468":1,"469":1,"470":12,"471":12,"472":12,"473":0,"474":0,"475":12,"476":1,"477":1,"478":1,"479":1,"480":1,"481":1,"482":1,"483":1},"f":{"0":1,"1":1,"2":1,"3":7,"4":1,"5":1,"6":2,"7":1,"8":0,"9":1,"10":1,"11":1,"12":0,"13":0,"14":1,"15":0,"16":0,"17":0,"18":0,"19":0,"20":0,"21":1,"22":1,"23":1,"24":2,"25":2,"26":17,"27":15,"28":15,"29":15,"30":15,"31":15,"32":14,"33":13,"34":3,"35":14,"36":9,"37":9,"38":1,"39":1,"40":0,"41":0,"42":0,"43":0,"44":0,"45":1,"46":1,"47":1,"48":1,"49":1,"50":0,"51":1,"52":0,"53":1,"54":0,"55":13,"56":1,"57":1},"b":{"0":[1,1],"1":[0,1],"2":[1,1,1],"3":[0,0],"4":[0,0],"5":[0,0],"6":[0,0],"7":[0,0],"8":[0,0],"9":[0,0],"10":[0,0],"11":[0,0],"12":[0,0],"13":[0,0],"14":[0,1],"15":[17,0],"16":[1,14],"17":[15,0],"18":[0,15],"19":[15,0],"20":[0,15],"21":[15,0],"22":[0,15],"23":[15,0],"24":[0,15],"25":[14,1],"26":[0,14],"27":[11,0],"28":[0,11],"29":[10,1],"30":[10,1],"31":[11,0],"32":[4,7],"33":[11,11,11,10,9,8],"34":[6,1],"35":[8,100],"36":[1,31],"37":[7,2],"38":[9,8],"39":[0,0],"40":[0,0],"41":[1,5],"42":[1,0],"43":[1,16],"44":[1,16],"45":[1,0],"46":[1,12],"47":[0,13],"48":[1,12],"49":[17,187],"50":[17,0],"51":[0,17],"52":[12,0],"53":[17,0],"54":[0,0]},"_coverageSchema":"43e27e138ebf9cfc5966b082cf9a028302ed4184","hash":"1efbaed122d2abf52069ed3e5fca6f376d7dfd50","contentHash":"e62e386cd231235c0b43e4e79c81ebe0f30e198aa168c4f7adfbbc71fe427ba5"}}